Build started 11/26/2025 2:14:50 AM.
Logging verbosity is set to: Detailed.     0>Terminal Logger was not used because the output is being redirected to a file.
       Process = "/usr/local/share/dotnet/dotnet"
       MSBuild executable path = "/usr/local/share/dotnet/sdk/10.0.100-rc.1.25451.107/MSBuild.dll"
       Command line arguments = "/usr/local/share/dotnet/sdk/10.0.100-rc.1.25451.107/MSBuild.dll -maxcpucount --verbosity:m -tlp:default=auto --property:NuGetInteractive=false --restoreProperty:NuGetInteractive=false --restoreProperty:EnableDefaultCompileItems=false --restoreProperty:EnableDefaultEmbeddedResourceItems=false --restoreProperty:EnableDefaultNoneItems=false KalshiSignals.sln /fileloggerparameters:logfile=build.log -consoleloggerparameters:Summary -restore -distributedlogger:Microsoft.DotNet.Cli.Commands.MSBuild.MSBuildLogger,/usr/local/share/dotnet/sdk/10.0.100-rc.1.25451.107/dotnet.dll*Microsoft.DotNet.Cli.Commands.MSBuild.MSBuildForwardingLogger,/usr/local/share/dotnet/sdk/10.0.100-rc.1.25451.107/dotnet.dll -nologo"
       Current directory = "/Users/amir/Documents/dev/kalshi-signals/backend"
       MSBuild version = "17.15.0-preview-25451-107+2db1f5ee2"
       /Users/amir/Documents/dev/kalshi-signals/backend/KalshiSignals.sln.metaproj : message : Property 'MSBuildExtensionsPath' with value '/usr/local/share/dotnet/sdk/10.0.100-rc.1.25451.107/' expanded from the environment.
       Assembly loaded during Evaluation: System.Threading.Tasks.Parallel, Version=10.0.0.0, Culture=neutral, PublicKeyToken=b03f5f7f11d50a3a (location: /usr/local/share/dotnet/shared/Microsoft.NETCore.App/10.0.0-rc.1.25451.107/System.Threading.Tasks.Parallel.dll, MVID: 1c005a7a-e2cf-43d0-934a-fa50d5a55ed7, AssemblyLoadContext: Default)
       The "NuGetInteractive" property is a global property, and cannot be modified.
       /usr/local/share/dotnet/sdk/10.0.100-rc.1.25451.107/NuGet.targets(123,5): message : Property reassignment: $(_GenerateRestoreGraphProjectEntryInputProperties)="
       /usr/local/share/dotnet/sdk/10.0.100-rc.1.25451.107/NuGet.targets(123,5): message :       ExcludeRestorePackageImports=true;
       /usr/local/share/dotnet/sdk/10.0.100-rc.1.25451.107/NuGet.targets(123,5): message :       _RestoreSolutionFileUsed=true;
       /usr/local/share/dotnet/sdk/10.0.100-rc.1.25451.107/NuGet.targets(123,5): message :       SolutionDir=/Users/amir/Documents/dev/kalshi-signals/backend/;
       /usr/local/share/dotnet/sdk/10.0.100-rc.1.25451.107/NuGet.targets(123,5): message :       SolutionName=KalshiSignals;
       /usr/local/share/dotnet/sdk/10.0.100-rc.1.25451.107/NuGet.targets(123,5): message :       SolutionFileName=KalshiSignals.sln;
       /usr/local/share/dotnet/sdk/10.0.100-rc.1.25451.107/NuGet.targets(123,5): message :       SolutionPath=/Users/amir/Documents/dev/kalshi-signals/backend/KalshiSignals.sln;
       /usr/local/share/dotnet/sdk/10.0.100-rc.1.25451.107/NuGet.targets(123,5): message :       SolutionExt=.sln;
       /usr/local/share/dotnet/sdk/10.0.100-rc.1.25451.107/NuGet.targets(123,5): message :     " (previous value: "ExcludeRestorePackageImports=true") at /usr/local/share/dotnet/sdk/10.0.100-rc.1.25451.107/NuGet.targets (123,5)
       Overriding target "Restore" in project "/Users/amir/Documents/dev/kalshi-signals/backend/KalshiSignals.sln.metaproj" with target "Restore" from project "/usr/local/share/dotnet/sdk/10.0.100-rc.1.25451.107/NuGet.targets".
       The target "Store" listed in a BeforeTargets attribute at "/usr/local/share/dotnet/sdk/10.0.100-rc.1.25451.107/Current/SolutionFile/ImportAfter/Microsoft.NET.Sdk.Solution.targets (33,11)" does not exist in the project, and will be ignored.
       The target "VSTest" listed in a BeforeTargets attribute at "/usr/local/share/dotnet/sdk/10.0.100-rc.1.25451.107/Current/SolutionFile/ImportAfter/Microsoft.NET.Sdk.Solution.targets (33,11)" does not exist in the project, and will be ignored.
       The target "_CheckForInvalidConfigurationAndPlatform" listed in a BeforeTargets attribute at "/usr/local/share/dotnet/sdk/10.0.100-rc.1.25451.107/NuGet.targets (722,11)" does not exist in the project, and will be ignored.
     1>Project "/Users/amir/Documents/dev/kalshi-signals/backend/KalshiSignals.sln" on node 1 (Restore target(s)).
     1>Target "ValidateSolutionConfiguration" in file "/Users/amir/Documents/dev/kalshi-signals/backend/KalshiSignals.sln.metaproj" from project "/Users/amir/Documents/dev/kalshi-signals/backend/KalshiSignals.sln" (entry point):
     1>Using "Message" task from assembly "Microsoft.Build.Tasks.Core, Version=15.1.0.0, Culture=neutral, PublicKeyToken=b03f5f7f11d50a3a".
       Task "Message"
         Building solution configuration "Debug|Any CPU".
       Done executing task "Message".
     1>Done building target "ValidateSolutionConfiguration" in project "KalshiSignals.sln".
     1>Target "ValidateToolsVersions" in file "/Users/amir/Documents/dev/kalshi-signals/backend/KalshiSignals.sln.metaproj" from project "/Users/amir/Documents/dev/kalshi-signals/backend/KalshiSignals.sln" (entry point):
     1>Done building target "ValidateToolsVersions" in project "KalshiSignals.sln".
     1>Target "ValidateProjects" in file "/Users/amir/Documents/dev/kalshi-signals/backend/KalshiSignals.sln.metaproj" from project "/Users/amir/Documents/dev/kalshi-signals/backend/KalshiSignals.sln" (entry point):
     1>Done building target "ValidateProjects" in project "KalshiSignals.sln".
     1>Target "_LoadRestoreGraphEntryPoints" in file "/usr/local/share/dotnet/sdk/10.0.100-rc.1.25451.107/NuGet.targets" from project "/Users/amir/Documents/dev/kalshi-signals/backend/KalshiSignals.sln" (target "_FilterRestoreGraphProjectInputItems" depends on it):
       Assembly loaded during TaskRun: NuGet.Build.Tasks, Version=7.0.0.0, Culture=neutral, PublicKeyToken=31bf3856ad364e35 (location: /usr/local/share/dotnet/sdk/10.0.100-rc.1.25451.107/NuGet.Build.Tasks.dll, MVID: 0a80f4b6-fb5f-4327-b7b9-9d89b74dd18b, AssemblyLoadContext: MSBuild plugin /usr/local/share/dotnet/sdk/10.0.100-rc.1.25451.107/NuGet.Build.Tasks.dll)
       Assembly loaded during TaskRun: NuGet.Common, Version=7.0.0.0, Culture=neutral, PublicKeyToken=31bf3856ad364e35 (location: /usr/local/share/dotnet/sdk/10.0.100-rc.1.25451.107/NuGet.Common.dll, MVID: 1e3b0cbf-4e73-4203-8cd4-9b6dce12a6ef, AssemblyLoadContext: MSBuild plugin /usr/local/share/dotnet/sdk/10.0.100-rc.1.25451.107/NuGet.Build.Tasks.dll)
       Assembly loaded during TaskRun: NuGet.Commands, Version=7.0.0.0, Culture=neutral, PublicKeyToken=31bf3856ad364e35 (location: /usr/local/share/dotnet/sdk/10.0.100-rc.1.25451.107/NuGet.Commands.dll, MVID: eb037849-6082-401c-a6a5-36611a35f104, AssemblyLoadContext: MSBuild plugin /usr/local/share/dotnet/sdk/10.0.100-rc.1.25451.107/NuGet.Build.Tasks.dll)
       Assembly loaded during TaskRun: NuGet.ProjectModel, Version=7.0.0.0, Culture=neutral, PublicKeyToken=31bf3856ad364e35 (location: /usr/local/share/dotnet/sdk/10.0.100-rc.1.25451.107/NuGet.ProjectModel.dll, MVID: 8da9db9f-b874-453f-b969-605ec698898b, AssemblyLoadContext: MSBuild plugin /usr/local/share/dotnet/sdk/10.0.100-rc.1.25451.107/NuGet.Build.Tasks.dll)
       Using "GetRestoreSolutionProjectsTask" task from assembly "/usr/local/share/dotnet/sdk/10.0.100-rc.1.25451.107/NuGet.Build.Tasks.dll".
       Task "GetRestoreSolutionProjectsTask"
       Done executing task "GetRestoreSolutionProjectsTask".
     1>Done building target "_LoadRestoreGraphEntryPoints" in project "KalshiSignals.sln".
     1>Target "_FilterRestoreGraphProjectInputItems" in file "/usr/local/share/dotnet/sdk/10.0.100-rc.1.25451.107/NuGet.targets" from project "/Users/amir/Documents/dev/kalshi-signals/backend/KalshiSignals.sln" (target "_GenerateRestoreGraph" depends on it):
       Using "RemoveDuplicates" task from assembly "Microsoft.Build.Tasks.Core, Version=15.1.0.0, Culture=neutral, PublicKeyToken=b03f5f7f11d50a3a".
       Task "RemoveDuplicates"
       Done executing task "RemoveDuplicates".
       Using "MSBuild" task from assembly "Microsoft.Build.Tasks.Core, Version=15.1.0.0, Culture=neutral, PublicKeyToken=b03f5f7f11d50a3a".
       Task "MSBuild"
         Global Properties:
           ExcludeRestorePackageImports=true
           _RestoreSolutionFileUsed=true
           SolutionDir=/Users/amir/Documents/dev/kalshi-signals/backend/
           SolutionName=KalshiSignals
           SolutionFileName=KalshiSignals.sln
           SolutionPath=/Users/amir/Documents/dev/kalshi-signals/backend/KalshiSignals.sln
           SolutionExt=.sln
         Additional Properties for project "/Users/amir/Documents/dev/kalshi-signals/backend/Kalshi.Api/Kalshi.Api.csproj":
           Configuration=Debug
           Platform=AnyCPU
         Additional Properties for project "/Users/amir/Documents/dev/kalshi-signals/backend/KSignal.API/KSignal.API.csproj":
           Configuration=Debug
           Platform=AnyCPU
     0>The SDK "Microsoft.NET.Sdk" was successfully resolved by the "DefaultSdkResolver" resolver to location "/usr/local/share/dotnet/sdk/10.0.100-rc.1.25451.107/Sdks/Microsoft.NET.Sdk/Sdk" and version "".
       /usr/local/share/dotnet/sdk/10.0.100-rc.1.25451.107/Sdks/Microsoft.NET.Sdk/Sdk/Sdk.props(49,11): message : Property 'MSBuildExtensionsPath' with value '/usr/local/share/dotnet/sdk/10.0.100-rc.1.25451.107/' expanded from the environment.
       /usr/local/share/dotnet/sdk/10.0.100-rc.1.25451.107/Current/Microsoft.Common.props(60,5): message : Property reassignment: $(MSBuildProjectExtensionsPath)="/Users/amir/Documents/dev/kalshi-signals/backend/Kalshi.Api/obj/" (previous value: "obj\") at /usr/local/share/dotnet/sdk/10.0.100-rc.1.25451.107/Current/Microsoft.Common.props (60,5)
       /usr/local/share/dotnet/sdk/10.0.100-rc.1.25451.107/Current/Microsoft.Common.props(84,119): message : Property 'MSBuildUserExtensionsPath' with value '/Users/amir/Library/Application Support/Microsoft\MSBuild' expanded from the environment.
       The "Configuration" property is a global property, and cannot be modified.
       The "Platform" property is a global property, and cannot be modified.
       The "Configuration" property is a global property, and cannot be modified.
       The "Platform" property is a global property, and cannot be modified.
       /usr/local/share/dotnet/sdk/10.0.100-rc.1.25451.107/Sdks/Microsoft.NET.Sdk/targets/Microsoft.NET.Sdk.props(95,5): message : Property reassignment: $(AssemblySearchPaths)="{CandidateAssemblyFiles};{HintPathFromItem}" (previous value: "{CandidateAssemblyFiles}") at /usr/local/share/dotnet/sdk/10.0.100-rc.1.25451.107/Sdks/Microsoft.NET.Sdk/targets/Microsoft.NET.Sdk.props (95,5)
       /usr/local/share/dotnet/sdk/10.0.100-rc.1.25451.107/Sdks/Microsoft.NET.Sdk/targets/Microsoft.NET.Sdk.props(96,5): message : Property reassignment: $(AssemblySearchPaths)="{CandidateAssemblyFiles};{HintPathFromItem};{TargetFrameworkDirectory}" (previous value: "{CandidateAssemblyFiles};{HintPathFromItem}") at /usr/local/share/dotnet/sdk/10.0.100-rc.1.25451.107/Sdks/Microsoft.NET.Sdk/targets/Microsoft.NET.Sdk.props (96,5)
       /usr/local/share/dotnet/sdk/10.0.100-rc.1.25451.107/Sdks/Microsoft.NET.Sdk/targets/Microsoft.NET.Sdk.props(97,5): message : Property reassignment: $(AssemblySearchPaths)="{CandidateAssemblyFiles};{HintPathFromItem};{TargetFrameworkDirectory};{RawFileName}" (previous value: "{CandidateAssemblyFiles};{HintPathFromItem};{TargetFrameworkDirectory}") at /usr/local/share/dotnet/sdk/10.0.100-rc.1.25451.107/Sdks/Microsoft.NET.Sdk/targets/Microsoft.NET.Sdk.props (97,5)
       The "DefaultSdkResolver" resolver attempted to resolve the SDK "Microsoft.NET.SDK.WorkloadAutoImportPropsLocator".
       Warnings: null
       Errors: MSB4276: The default SDK resolver failed to resolve SDK "Microsoft.NET.SDK.WorkloadAutoImportPropsLocator" because directory "/usr/local/share/dotnet/sdk/10.0.100-rc.1.25451.107/Sdks/Microsoft.NET.SDK.WorkloadAutoImportPropsLocator/Sdk" did not exist.
       Assembly loaded during Evaluation: Microsoft.NET.Sdk.WorkloadMSBuildSdkResolver, Version=10.0.100.0, Culture=neutral, PublicKeyToken=31bf3856ad364e35 (location: /usr/local/share/dotnet/sdk/10.0.100-rc.1.25451.107/Microsoft.NET.Sdk.WorkloadMSBuildSdkResolver.dll, MVID: b5d492d2-3a02-40cf-a817-d688adc93765, AssemblyLoadContext: MSBuild plugin /usr/local/share/dotnet/sdk/10.0.100-rc.1.25451.107/Microsoft.NET.Sdk.WorkloadMSBuildSdkResolver.dll)
       Assembly loaded during Evaluation: Microsoft.Build.NuGetSdkResolver, Version=7.0.0.0, Culture=neutral, PublicKeyToken=31bf3856ad364e35 (location: /usr/local/share/dotnet/sdk/10.0.100-rc.1.25451.107/Microsoft.Build.NuGetSdkResolver.dll, MVID: fb0a0978-cf0c-40a3-b856-df3f5dfd7aa6, AssemblyLoadContext: MSBuild plugin /usr/local/share/dotnet/sdk/10.0.100-rc.1.25451.107/Microsoft.Build.NuGetSdkResolver.dll)
       Assembly loaded during Evaluation: NuGet.Common, Version=7.0.0.0, Culture=neutral, PublicKeyToken=31bf3856ad364e35 (location: /usr/local/share/dotnet/sdk/10.0.100-rc.1.25451.107/NuGet.Common.dll, MVID: 1e3b0cbf-4e73-4203-8cd4-9b6dce12a6ef, AssemblyLoadContext: MSBuild plugin /usr/local/share/dotnet/sdk/10.0.100-rc.1.25451.107/Microsoft.Build.NuGetSdkResolver.dll)
       Assembly loaded during Evaluation: Microsoft.DotNet.Cli.Utils, Version=10.0.100.0, Culture=neutral, PublicKeyToken=adb9793829ddae60 (location: /usr/local/share/dotnet/sdk/10.0.100-rc.1.25451.107/Microsoft.DotNet.Cli.Utils.dll, MVID: 6d0afc26-db04-4c0d-9b27-da94599831e8, AssemblyLoadContext: MSBuild plugin /usr/local/share/dotnet/sdk/10.0.100-rc.1.25451.107/Microsoft.NET.Sdk.WorkloadMSBuildSdkResolver.dll)
       Assembly loaded during Evaluation: Microsoft.NET.Sdk.WorkloadManifestReader, Version=10.0.100.0, Culture=neutral, PublicKeyToken=adb9793829ddae60 (location: /usr/local/share/dotnet/sdk/10.0.100-rc.1.25451.107/Microsoft.NET.Sdk.WorkloadManifestReader.dll, MVID: e070cec9-5004-467c-b0c0-8b735cf6decf, AssemblyLoadContext: MSBuild plugin /usr/local/share/dotnet/sdk/10.0.100-rc.1.25451.107/Microsoft.NET.Sdk.WorkloadMSBuildSdkResolver.dll)
       Assembly loaded during Evaluation: Microsoft.Deployment.DotNet.Releases, Version=2.0.0.0, Culture=neutral, PublicKeyToken=31bf3856ad364e35 (location: /usr/local/share/dotnet/sdk/10.0.100-rc.1.25451.107/Microsoft.Deployment.DotNet.Releases.dll, MVID: 168ebde4-6dd8-431b-993c-8d7d0daff952, AssemblyLoadContext: MSBuild plugin /usr/local/share/dotnet/sdk/10.0.100-rc.1.25451.107/Microsoft.NET.Sdk.WorkloadMSBuildSdkResolver.dll)
       Assembly loaded during Evaluation: System.IO.Pipes, Version=10.0.0.0, Culture=neutral, PublicKeyToken=b03f5f7f11d50a3a (location: /usr/local/share/dotnet/shared/Microsoft.NETCore.App/10.0.0-rc.1.25451.107/System.IO.Pipes.dll, MVID: 3f438856-321c-493d-ace7-1f636850ced5, AssemblyLoadContext: Default)
       The SDK "Microsoft.NET.SDK.WorkloadAutoImportPropsLocator" was successfully resolved by the "Microsoft.DotNet.MSBuildWorkloadSdkResolver" resolver to location "null" and version "null".
       The "Configuration" property is a global property, and cannot be modified.
       The "Platform" property is a global property, and cannot be modified.
       /usr/local/share/dotnet/sdk/10.0.100-rc.1.25451.107/Sdks/Microsoft.NET.Sdk/targets/Microsoft.NET.Sdk.ImportPublishProfile.targets(28,5): message : Property reassignment: $(PublishProfileImported)="false" (previous value: "true") at /usr/local/share/dotnet/sdk/10.0.100-rc.1.25451.107/Sdks/Microsoft.NET.Sdk/targets/Microsoft.NET.Sdk.ImportPublishProfile.targets (28,5)
       Assembly loaded during Evaluation: NuGet.Frameworks, Version=7.0.0.0, Culture=neutral, PublicKeyToken=31bf3856ad364e35 (location: /usr/local/share/dotnet/sdk/10.0.100-rc.1.25451.107/NuGet.Frameworks.dll, MVID: b0669dbe-2791-4275-83e4-b0733d6cf7a0, AssemblyLoadContext: Assembly.LoadFile(/usr/local/share/dotnet/sdk/10.0.100-rc.1.25451.107/NuGet.Frameworks.dll))
       /usr/local/share/dotnet/sdk/10.0.100-rc.1.25451.107/Sdks/Microsoft.NET.Sdk/targets/Microsoft.NET.TargetFrameworkInference.targets(69,5): message : Property reassignment: $(TargetPlatformVersion)="" (previous value: "0.0") at /usr/local/share/dotnet/sdk/10.0.100-rc.1.25451.107/Sdks/Microsoft.NET.Sdk/targets/Microsoft.NET.TargetFrameworkInference.targets (69,5)
       /usr/local/share/dotnet/sdk/10.0.100-rc.1.25451.107/Sdks/Microsoft.NET.Sdk/targets/Microsoft.NET.DefaultOutputPaths.targets(127,5): message : Property reassignment: $(DefaultItemExcludes)=";bin\Debug//**;obj\Debug//**" (previous value: ";bin\Debug//**") at /usr/local/share/dotnet/sdk/10.0.100-rc.1.25451.107/Sdks/Microsoft.NET.Sdk/targets/Microsoft.NET.DefaultOutputPaths.targets (127,5)
       /usr/local/share/dotnet/sdk/10.0.100-rc.1.25451.107/Sdks/Microsoft.NET.Sdk/targets/Microsoft.NET.DefaultOutputPaths.targets(142,5): message : Property reassignment: $(OutputPath)="bin\Debug/net8.0/" (previous value: "bin\Debug/") at /usr/local/share/dotnet/sdk/10.0.100-rc.1.25451.107/Sdks/Microsoft.NET.Sdk/targets/Microsoft.NET.DefaultOutputPaths.targets (142,5)
       /usr/local/share/dotnet/sdk/10.0.100-rc.1.25451.107/Sdks/Microsoft.NET.Sdk/targets/Microsoft.NET.DefaultOutputPaths.targets(147,5): message : Property reassignment: $(IntermediateOutputPath)="obj\Debug/net8.0/" (previous value: "obj\Debug/") at /usr/local/share/dotnet/sdk/10.0.100-rc.1.25451.107/Sdks/Microsoft.NET.Sdk/targets/Microsoft.NET.DefaultOutputPaths.targets (147,5)
       The "DefaultSdkResolver" resolver attempted to resolve the SDK "Microsoft.NET.SDK.WorkloadManifestTargetsLocator".
       Warnings: null
       Errors: MSB4276: The default SDK resolver failed to resolve SDK "Microsoft.NET.SDK.WorkloadManifestTargetsLocator" because directory "/usr/local/share/dotnet/sdk/10.0.100-rc.1.25451.107/Sdks/Microsoft.NET.SDK.WorkloadManifestTargetsLocator/Sdk" did not exist.
       The SDK "Microsoft.NET.SDK.WorkloadManifestTargetsLocator" was successfully resolved by the "Microsoft.DotNet.MSBuildWorkloadSdkResolver" resolver to location "/usr/local/share/dotnet/sdk-manifests/10.0.100-preview.6/microsoft.net.sdk.android/36.0.0-preview.6.169" and version "null".
       /usr/local/share/dotnet/sdk/10.0.100-rc.1.25451.107/Sdks/Microsoft.NET.Sdk/targets/Microsoft.NET.Sdk.BeforeCommon.targets(190,5): message : Property reassignment: $(_FrameworkIdentifierForImplicitDefine)="NET" (previous value: "NETCOREAPP") at /usr/local/share/dotnet/sdk/10.0.100-rc.1.25451.107/Sdks/Microsoft.NET.Sdk/targets/Microsoft.NET.Sdk.BeforeCommon.targets (190,5)
       /usr/local/share/dotnet/sdk/10.0.100-rc.1.25451.107/Sdks/Microsoft.NET.Sdk/targets/Microsoft.NET.Sdk.BeforeCommon.targets(195,5): message : Property reassignment: $(_FrameworkVersionForImplicitDefine)="8_0" (previous value: "8.0") at /usr/local/share/dotnet/sdk/10.0.100-rc.1.25451.107/Sdks/Microsoft.NET.Sdk/targets/Microsoft.NET.Sdk.BeforeCommon.targets (195,5)
       /usr/local/share/dotnet/sdk/10.0.100-rc.1.25451.107/Sdks/Microsoft.NET.Sdk/targets/Microsoft.NET.Sdk.BeforeCommon.targets(340,5): message : Property reassignment: $(RoslynTargetsPath)="/usr/local/share/dotnet/sdk/10.0.100-rc.1.25451.107/Sdks/Microsoft.NET.Sdk/targets/../../../Roslyn" (previous value: "/usr/local/share/dotnet/sdk/10.0.100-rc.1.25451.107/Roslyn") at /usr/local/share/dotnet/sdk/10.0.100-rc.1.25451.107/Sdks/Microsoft.NET.Sdk/targets/Microsoft.NET.Sdk.BeforeCommon.targets (340,5)
       /usr/local/share/dotnet/sdk/10.0.100-rc.1.25451.107/Roslyn/Microsoft.Managed.Core.targets(6,5): message : Property reassignment: $(_BuildTasksDirectory)="/usr/local/share/dotnet/sdk/10.0.100-rc.1.25451.107/Sdks/Microsoft.NET.Sdk/targets/../../../Roslyn/" (previous value: "/usr/local/share/dotnet/sdk/10.0.100-rc.1.25451.107/Roslyn/") at /usr/local/share/dotnet/sdk/10.0.100-rc.1.25451.107/Roslyn/Microsoft.Managed.Core.targets (6,5)
       /usr/local/share/dotnet/sdk/10.0.100-rc.1.25451.107/Roslyn/Microsoft.CSharp.Core.targets(200,5): message : Property reassignment: $(CommandLineArgsForDesignTimeEvaluation)="-langversion:12.0 -define:TRACE" (previous value: "-langversion:12.0") at /usr/local/share/dotnet/sdk/10.0.100-rc.1.25451.107/Roslyn/Microsoft.CSharp.Core.targets (200,5)
       /usr/local/share/dotnet/sdk/10.0.100-rc.1.25451.107/Roslyn/Microsoft.CSharp.Core.targets(202,5): message : Property reassignment: $(CommandLineArgsForDesignTimeEvaluation)="-langversion:12.0 -define:TRACE -doc:"bin\Debug/net8.0\Kalshi.Api.xml"" (previous value: "-langversion:12.0 -define:TRACE") at /usr/local/share/dotnet/sdk/10.0.100-rc.1.25451.107/Roslyn/Microsoft.CSharp.Core.targets (202,5)
       The "Platform" property is a global property, and cannot be modified.
       The "Configuration" property is a global property, and cannot be modified.
       /usr/local/share/dotnet/sdk/10.0.100-rc.1.25451.107/Microsoft.Common.CurrentVersion.targets(175,5): message : Property reassignment: $(_DebugSymbolsProduced)="true" (previous value: "false") at /usr/local/share/dotnet/sdk/10.0.100-rc.1.25451.107/Microsoft.Common.CurrentVersion.targets (175,5)
       The "SolutionName" property is a global property, and cannot be modified.
       The "SolutionFileName" property is a global property, and cannot be modified.
       The "SolutionPath" property is a global property, and cannot be modified.
       The "SolutionDir" property is a global property, and cannot be modified.
       The "SolutionExt" property is a global property, and cannot be modified.
       /usr/local/share/dotnet/sdk/10.0.100-rc.1.25451.107/Microsoft.Common.CurrentVersion.targets(393,5): message : Property reassignment: $(MSBuildCopyMarkerName)="Kalshi.Api.csproj.Up2Date" (previous value: "Kalshi.Api.csproj") at /usr/local/share/dotnet/sdk/10.0.100-rc.1.25451.107/Microsoft.Common.CurrentVersion.targets (393,5)
       /usr/local/share/dotnet/sdk/10.0.100-rc.1.25451.107/Microsoft.Common.CurrentVersion.targets(541,5): message : Property reassignment: $(ProcessorArchitecture)="msil" (previous value: "") at /usr/local/share/dotnet/sdk/10.0.100-rc.1.25451.107/Microsoft.Common.CurrentVersion.targets (541,5)
       /usr/local/share/dotnet/sdk/10.0.100-rc.1.25451.107/Microsoft.Common.CurrentVersion.targets(580,5): message : Property reassignment: $(DelaySign)="" (previous value: "false") at /usr/local/share/dotnet/sdk/10.0.100-rc.1.25451.107/Microsoft.Common.CurrentVersion.targets (580,5)
       /usr/local/share/dotnet/sdk/10.0.100-rc.1.25451.107/Microsoft.Common.CurrentVersion.targets(2606,5): message : Property 'LocalAppData' with value '/Users/amir/Library/Application Support' expanded from the environment.
       /usr/local/share/dotnet/sdk/10.0.100-rc.1.25451.107/Microsoft.Common.CurrentVersion.targets(3934,5): message : Property reassignment: $(_SGenGenerateSerializationAssembliesConfig)="Auto" (previous value: "") at /usr/local/share/dotnet/sdk/10.0.100-rc.1.25451.107/Microsoft.Common.CurrentVersion.targets (3934,5)
       /usr/local/share/dotnet/sdk/10.0.100-rc.1.25451.107/Microsoft.Common.CurrentVersion.targets(3935,5): message : Property reassignment: $(_SGenGenerateSerializationAssembliesConfig)="Off" (previous value: "Auto") at /usr/local/share/dotnet/sdk/10.0.100-rc.1.25451.107/Microsoft.Common.CurrentVersion.targets (3935,5)
       /usr/local/share/dotnet/sdk/10.0.100-rc.1.25451.107/Microsoft.Common.CurrentVersion.targets(5146,5): message : Property reassignment: $(_TargetsThatPrepareProjectReferences)="
       /usr/local/share/dotnet/sdk/10.0.100-rc.1.25451.107/Microsoft.Common.CurrentVersion.targets(5146,5): message :       AssignProjectConfiguration;
       /usr/local/share/dotnet/sdk/10.0.100-rc.1.25451.107/Microsoft.Common.CurrentVersion.targets(5146,5): message :       _SplitProjectReferencesByFileExistence
       /usr/local/share/dotnet/sdk/10.0.100-rc.1.25451.107/Microsoft.Common.CurrentVersion.targets(5146,5): message :     " (previous value: "_SplitProjectReferencesByFileExistence") at /usr/local/share/dotnet/sdk/10.0.100-rc.1.25451.107/Microsoft.Common.CurrentVersion.targets (5146,5)
       /usr/local/share/dotnet/sdk/10.0.100-rc.1.25451.107/Microsoft.Common.CurrentVersion.targets(6940,5): message : Property 'MSBuildExtensionsPath32' with value '/usr/local/share/dotnet/sdk/10.0.100-rc.1.25451.107' expanded from the environment.
       The "_RestoreSolutionFileUsed" property is a global property, and cannot be modified.
       The "NuGetInteractive" property is a global property, and cannot be modified.
       /usr/local/share/dotnet/sdk/10.0.100-rc.1.25451.107/NuGet.targets(123,5): message : Property reassignment: $(_GenerateRestoreGraphProjectEntryInputProperties)="
       /usr/local/share/dotnet/sdk/10.0.100-rc.1.25451.107/NuGet.targets(123,5): message :       ExcludeRestorePackageImports=true;
       /usr/local/share/dotnet/sdk/10.0.100-rc.1.25451.107/NuGet.targets(123,5): message :       _RestoreSolutionFileUsed=true;
       /usr/local/share/dotnet/sdk/10.0.100-rc.1.25451.107/NuGet.targets(123,5): message :       SolutionDir=/Users/amir/Documents/dev/kalshi-signals/backend/;
       /usr/local/share/dotnet/sdk/10.0.100-rc.1.25451.107/NuGet.targets(123,5): message :       SolutionName=KalshiSignals;
       /usr/local/share/dotnet/sdk/10.0.100-rc.1.25451.107/NuGet.targets(123,5): message :       SolutionFileName=KalshiSignals.sln;
       /usr/local/share/dotnet/sdk/10.0.100-rc.1.25451.107/NuGet.targets(123,5): message :       SolutionPath=/Users/amir/Documents/dev/kalshi-signals/backend/KalshiSignals.sln;
       /usr/local/share/dotnet/sdk/10.0.100-rc.1.25451.107/NuGet.targets(123,5): message :       SolutionExt=.sln;
       /usr/local/share/dotnet/sdk/10.0.100-rc.1.25451.107/NuGet.targets(123,5): message :     " (previous value: "ExcludeRestorePackageImports=true") at /usr/local/share/dotnet/sdk/10.0.100-rc.1.25451.107/NuGet.targets (123,5)
       /usr/local/share/dotnet/sdk/10.0.100-rc.1.25451.107/Sdks/Microsoft.NET.Sdk/targets/Microsoft.PackageDependencyResolution.targets(24,5): message : Property reassignment: $(ProjectAssetsFile)="/Users/amir/Documents/dev/kalshi-signals/backend/Kalshi.Api/obj/project.assets.json" (previous value: "/Users/amir/Documents/dev/kalshi-signals/backend/Kalshi.Api/obj//project.assets.json") at /usr/local/share/dotnet/sdk/10.0.100-rc.1.25451.107/Sdks/Microsoft.NET.Sdk/targets/Microsoft.PackageDependencyResolution.targets (24,5)
       /usr/local/share/dotnet/sdk/10.0.100-rc.1.25451.107/Sdks/Microsoft.NET.Sdk/targets/Microsoft.PackageDependencyResolution.targets(29,5): message : Property reassignment: $(ProjectAssetsCacheFile)="/Users/amir/Documents/dev/kalshi-signals/backend/Kalshi.Api/obj/Debug/net8.0/Kalshi.Api.assets.cache" (previous value: "obj\Debug/net8.0/Kalshi.Api.assets.cache") at /usr/local/share/dotnet/sdk/10.0.100-rc.1.25451.107/Sdks/Microsoft.NET.Sdk/targets/Microsoft.PackageDependencyResolution.targets (29,5)
       /usr/local/share/dotnet/sdk/10.0.100-rc.1.25451.107/Sdks/Microsoft.NET.Sdk/targets/Microsoft.PackageDependencyResolution.targets(80,5): message : Property reassignment: $(ResolveAssemblyReferencesDependsOn)="
       /usr/local/share/dotnet/sdk/10.0.100-rc.1.25451.107/Sdks/Microsoft.NET.Sdk/targets/Microsoft.PackageDependencyResolution.targets(80,5): message :       
       /usr/local/share/dotnet/sdk/10.0.100-rc.1.25451.107/Sdks/Microsoft.NET.Sdk/targets/Microsoft.PackageDependencyResolution.targets(80,5): message :       ResolveProjectReferences;
       /usr/local/share/dotnet/sdk/10.0.100-rc.1.25451.107/Sdks/Microsoft.NET.Sdk/targets/Microsoft.PackageDependencyResolution.targets(80,5): message :       FindInvalidProjectReferences;
       /usr/local/share/dotnet/sdk/10.0.100-rc.1.25451.107/Sdks/Microsoft.NET.Sdk/targets/Microsoft.PackageDependencyResolution.targets(80,5): message :       GetFrameworkPaths;
       /usr/local/share/dotnet/sdk/10.0.100-rc.1.25451.107/Sdks/Microsoft.NET.Sdk/targets/Microsoft.PackageDependencyResolution.targets(80,5): message :       GetReferenceAssemblyPaths;
       /usr/local/share/dotnet/sdk/10.0.100-rc.1.25451.107/Sdks/Microsoft.NET.Sdk/targets/Microsoft.PackageDependencyResolution.targets(80,5): message :       PrepareForBuild;
       /usr/local/share/dotnet/sdk/10.0.100-rc.1.25451.107/Sdks/Microsoft.NET.Sdk/targets/Microsoft.PackageDependencyResolution.targets(80,5): message :       ResolveSDKReferences;
       /usr/local/share/dotnet/sdk/10.0.100-rc.1.25451.107/Sdks/Microsoft.NET.Sdk/targets/Microsoft.PackageDependencyResolution.targets(80,5): message :       ExpandSDKReferences;
       /usr/local/share/dotnet/sdk/10.0.100-rc.1.25451.107/Sdks/Microsoft.NET.Sdk/targets/Microsoft.PackageDependencyResolution.targets(80,5): message :     ;
       /usr/local/share/dotnet/sdk/10.0.100-rc.1.25451.107/Sdks/Microsoft.NET.Sdk/targets/Microsoft.PackageDependencyResolution.targets(80,5): message :       ResolvePackageDependenciesForBuild;
       /usr/local/share/dotnet/sdk/10.0.100-rc.1.25451.107/Sdks/Microsoft.NET.Sdk/targets/Microsoft.PackageDependencyResolution.targets(80,5): message :       _HandlePackageFileConflicts;
       /usr/local/share/dotnet/sdk/10.0.100-rc.1.25451.107/Sdks/Microsoft.NET.Sdk/targets/Microsoft.PackageDependencyResolution.targets(80,5): message :     " (previous value: "
       /usr/local/share/dotnet/sdk/10.0.100-rc.1.25451.107/Sdks/Microsoft.NET.Sdk/targets/Microsoft.PackageDependencyResolution.targets(80,5): message :       ResolveProjectReferences;
       /usr/local/share/dotnet/sdk/10.0.100-rc.1.25451.107/Sdks/Microsoft.NET.Sdk/targets/Microsoft.PackageDependencyResolution.targets(80,5): message :       FindInvalidProjectReferences;
       /usr/local/share/dotnet/sdk/10.0.100-rc.1.25451.107/Sdks/Microsoft.NET.Sdk/targets/Microsoft.PackageDependencyResolution.targets(80,5): message :       GetFrameworkPaths;
       /usr/local/share/dotnet/sdk/10.0.100-rc.1.25451.107/Sdks/Microsoft.NET.Sdk/targets/Microsoft.PackageDependencyResolution.targets(80,5): message :       GetReferenceAssemblyPaths;
       /usr/local/share/dotnet/sdk/10.0.100-rc.1.25451.107/Sdks/Microsoft.NET.Sdk/targets/Microsoft.PackageDependencyResolution.targets(80,5): message :       PrepareForBuild;
       /usr/local/share/dotnet/sdk/10.0.100-rc.1.25451.107/Sdks/Microsoft.NET.Sdk/targets/Microsoft.PackageDependencyResolution.targets(80,5): message :       ResolveSDKReferences;
       /usr/local/share/dotnet/sdk/10.0.100-rc.1.25451.107/Sdks/Microsoft.NET.Sdk/targets/Microsoft.PackageDependencyResolution.targets(80,5): message :       ExpandSDKReferences;
       /usr/local/share/dotnet/sdk/10.0.100-rc.1.25451.107/Sdks/Microsoft.NET.Sdk/targets/Microsoft.PackageDependencyResolution.targets(80,5): message :     ") at /usr/local/share/dotnet/sdk/10.0.100-rc.1.25451.107/Sdks/Microsoft.NET.Sdk/targets/Microsoft.PackageDependencyResolution.targets (80,5)
       /usr/local/share/dotnet/sdk/10.0.100-rc.1.25451.107/Sdks/Microsoft.NET.Sdk/targets/Microsoft.PackageDependencyResolution.targets(86,5): message : Property reassignment: $(PrepareResourcesDependsOn)="
       /usr/local/share/dotnet/sdk/10.0.100-rc.1.25451.107/Sdks/Microsoft.NET.Sdk/targets/Microsoft.PackageDependencyResolution.targets(86,5): message :       ResolvePackageDependenciesForBuild;
       /usr/local/share/dotnet/sdk/10.0.100-rc.1.25451.107/Sdks/Microsoft.NET.Sdk/targets/Microsoft.PackageDependencyResolution.targets(86,5): message :       _HandlePackageFileConflicts;
       /usr/local/share/dotnet/sdk/10.0.100-rc.1.25451.107/Sdks/Microsoft.NET.Sdk/targets/Microsoft.PackageDependencyResolution.targets(86,5): message :       
       /usr/local/share/dotnet/sdk/10.0.100-rc.1.25451.107/Sdks/Microsoft.NET.Sdk/targets/Microsoft.PackageDependencyResolution.targets(86,5): message :       ;
       /usr/local/share/dotnet/sdk/10.0.100-rc.1.25451.107/Sdks/Microsoft.NET.Sdk/targets/Microsoft.PackageDependencyResolution.targets(86,5): message :       PrepareResourceNames;
       /usr/local/share/dotnet/sdk/10.0.100-rc.1.25451.107/Sdks/Microsoft.NET.Sdk/targets/Microsoft.PackageDependencyResolution.targets(86,5): message :       ResGen;
       /usr/local/share/dotnet/sdk/10.0.100-rc.1.25451.107/Sdks/Microsoft.NET.Sdk/targets/Microsoft.PackageDependencyResolution.targets(86,5): message :       CompileLicxFiles
       /usr/local/share/dotnet/sdk/10.0.100-rc.1.25451.107/Sdks/Microsoft.NET.Sdk/targets/Microsoft.PackageDependencyResolution.targets(86,5): message :     
       /usr/local/share/dotnet/sdk/10.0.100-rc.1.25451.107/Sdks/Microsoft.NET.Sdk/targets/Microsoft.PackageDependencyResolution.targets(86,5): message :     " (previous value: "
       /usr/local/share/dotnet/sdk/10.0.100-rc.1.25451.107/Sdks/Microsoft.NET.Sdk/targets/Microsoft.PackageDependencyResolution.targets(86,5): message :       ;
       /usr/local/share/dotnet/sdk/10.0.100-rc.1.25451.107/Sdks/Microsoft.NET.Sdk/targets/Microsoft.PackageDependencyResolution.targets(86,5): message :       PrepareResourceNames;
       /usr/local/share/dotnet/sdk/10.0.100-rc.1.25451.107/Sdks/Microsoft.NET.Sdk/targets/Microsoft.PackageDependencyResolution.targets(86,5): message :       ResGen;
       /usr/local/share/dotnet/sdk/10.0.100-rc.1.25451.107/Sdks/Microsoft.NET.Sdk/targets/Microsoft.PackageDependencyResolution.targets(86,5): message :       CompileLicxFiles
       /usr/local/share/dotnet/sdk/10.0.100-rc.1.25451.107/Sdks/Microsoft.NET.Sdk/targets/Microsoft.PackageDependencyResolution.targets(86,5): message :     ") at /usr/local/share/dotnet/sdk/10.0.100-rc.1.25451.107/Sdks/Microsoft.NET.Sdk/targets/Microsoft.PackageDependencyResolution.targets (86,5)
       The "EnableDefaultCompileItems" property is a global property, and cannot be modified.
       The "EnableDefaultEmbeddedResourceItems" property is a global property, and cannot be modified.
       The "EnableDefaultNoneItems" property is a global property, and cannot be modified.
       /usr/local/share/dotnet/sdk/10.0.100-rc.1.25451.107/Sdks/Microsoft.NET.Sdk/targets/Microsoft.NET.Sdk.DefaultItems.targets(35,5): message : Property reassignment: $(DefaultItemExcludes)=";bin\Debug//**;obj\Debug//**;bin\/**" (previous value: ";bin\Debug//**;obj\Debug//**") at /usr/local/share/dotnet/sdk/10.0.100-rc.1.25451.107/Sdks/Microsoft.NET.Sdk/targets/Microsoft.NET.Sdk.DefaultItems.targets (35,5)
       /usr/local/share/dotnet/sdk/10.0.100-rc.1.25451.107/Sdks/Microsoft.NET.Sdk/targets/Microsoft.NET.Sdk.DefaultItems.targets(37,5): message : Property reassignment: $(DefaultItemExcludes)=";bin\Debug//**;obj\Debug//**;bin\/**;obj\/**" (previous value: ";bin\Debug//**;obj\Debug//**;bin\/**") at /usr/local/share/dotnet/sdk/10.0.100-rc.1.25451.107/Sdks/Microsoft.NET.Sdk/targets/Microsoft.NET.Sdk.DefaultItems.targets (37,5)
       /usr/local/share/dotnet/sdk/10.0.100-rc.1.25451.107/Sdks/Microsoft.NET.Sdk/targets/Microsoft.NET.Sdk.DefaultItems.targets(40,5): message : Property reassignment: $(DefaultItemExcludes)=";bin\Debug//**;obj\Debug//**;bin\/**;obj\/**;**/*.user" (previous value: ";bin\Debug//**;obj\Debug//**;bin\/**;obj\/**") at /usr/local/share/dotnet/sdk/10.0.100-rc.1.25451.107/Sdks/Microsoft.NET.Sdk/targets/Microsoft.NET.Sdk.DefaultItems.targets (40,5)
       /usr/local/share/dotnet/sdk/10.0.100-rc.1.25451.107/Sdks/Microsoft.NET.Sdk/targets/Microsoft.NET.Sdk.DefaultItems.targets(41,5): message : Property reassignment: $(DefaultItemExcludes)=";bin\Debug//**;obj\Debug//**;bin\/**;obj\/**;**/*.user;**/*.*proj" (previous value: ";bin\Debug//**;obj\Debug//**;bin\/**;obj\/**;**/*.user") at /usr/local/share/dotnet/sdk/10.0.100-rc.1.25451.107/Sdks/Microsoft.NET.Sdk/targets/Microsoft.NET.Sdk.DefaultItems.targets (41,5)
       /usr/local/share/dotnet/sdk/10.0.100-rc.1.25451.107/Sdks/Microsoft.NET.Sdk/targets/Microsoft.NET.Sdk.DefaultItems.targets(42,5): message : Property reassignment: $(DefaultItemExcludes)=";bin\Debug//**;obj\Debug//**;bin\/**;obj\/**;**/*.user;**/*.*proj;**/*.sln" (previous value: ";bin\Debug//**;obj\Debug//**;bin\/**;obj\/**;**/*.user;**/*.*proj") at /usr/local/share/dotnet/sdk/10.0.100-rc.1.25451.107/Sdks/Microsoft.NET.Sdk/targets/Microsoft.NET.Sdk.DefaultItems.targets (42,5)
       /usr/local/share/dotnet/sdk/10.0.100-rc.1.25451.107/Sdks/Microsoft.NET.Sdk/targets/Microsoft.NET.Sdk.DefaultItems.targets(43,5): message : Property reassignment: $(DefaultItemExcludes)=";bin\Debug//**;obj\Debug//**;bin\/**;obj\/**;**/*.user;**/*.*proj;**/*.sln;**/*.slnx" (previous value: ";bin\Debug//**;obj\Debug//**;bin\/**;obj\/**;**/*.user;**/*.*proj;**/*.sln") at /usr/local/share/dotnet/sdk/10.0.100-rc.1.25451.107/Sdks/Microsoft.NET.Sdk/targets/Microsoft.NET.Sdk.DefaultItems.targets (43,5)
       /usr/local/share/dotnet/sdk/10.0.100-rc.1.25451.107/Sdks/Microsoft.NET.Sdk/targets/Microsoft.NET.Sdk.DefaultItems.targets(44,5): message : Property reassignment: $(DefaultItemExcludes)=";bin\Debug//**;obj\Debug//**;bin\/**;obj\/**;**/*.user;**/*.*proj;**/*.sln;**/*.slnx;**/*.vssscc" (previous value: ";bin\Debug//**;obj\Debug//**;bin\/**;obj\/**;**/*.user;**/*.*proj;**/*.sln;**/*.slnx") at /usr/local/share/dotnet/sdk/10.0.100-rc.1.25451.107/Sdks/Microsoft.NET.Sdk/targets/Microsoft.NET.Sdk.DefaultItems.targets (44,5)
       /usr/local/share/dotnet/sdk/10.0.100-rc.1.25451.107/Sdks/Microsoft.NET.Sdk/targets/Microsoft.NET.Sdk.DefaultItems.targets(45,5): message : Property reassignment: $(DefaultItemExcludes)=";bin\Debug//**;obj\Debug//**;bin\/**;obj\/**;**/*.user;**/*.*proj;**/*.sln;**/*.slnx;**/*.vssscc;**/.DS_Store" (previous value: ";bin\Debug//**;obj\Debug//**;bin\/**;obj\/**;**/*.user;**/*.*proj;**/*.sln;**/*.slnx;**/*.vssscc") at /usr/local/share/dotnet/sdk/10.0.100-rc.1.25451.107/Sdks/Microsoft.NET.Sdk/targets/Microsoft.NET.Sdk.DefaultItems.targets (45,5)
       /usr/local/share/dotnet/sdk/10.0.100-rc.1.25451.107/Sdks/Microsoft.NET.Sdk/targets/Microsoft.NET.Sdk.FrameworkReferenceResolution.targets(14,5): message : Property reassignment: $(ResolveAssemblyReferencesDependsOn)="
       /usr/local/share/dotnet/sdk/10.0.100-rc.1.25451.107/Sdks/Microsoft.NET.Sdk/targets/Microsoft.NET.Sdk.FrameworkReferenceResolution.targets(14,5): message :       
       /usr/local/share/dotnet/sdk/10.0.100-rc.1.25451.107/Sdks/Microsoft.NET.Sdk/targets/Microsoft.NET.Sdk.FrameworkReferenceResolution.targets(14,5): message :       
       /usr/local/share/dotnet/sdk/10.0.100-rc.1.25451.107/Sdks/Microsoft.NET.Sdk/targets/Microsoft.NET.Sdk.FrameworkReferenceResolution.targets(14,5): message :       ResolveProjectReferences;
       /usr/local/share/dotnet/sdk/10.0.100-rc.1.25451.107/Sdks/Microsoft.NET.Sdk/targets/Microsoft.NET.Sdk.FrameworkReferenceResolution.targets(14,5): message :       FindInvalidProjectReferences;
       /usr/local/share/dotnet/sdk/10.0.100-rc.1.25451.107/Sdks/Microsoft.NET.Sdk/targets/Microsoft.NET.Sdk.FrameworkReferenceResolution.targets(14,5): message :       GetFrameworkPaths;
       /usr/local/share/dotnet/sdk/10.0.100-rc.1.25451.107/Sdks/Microsoft.NET.Sdk/targets/Microsoft.NET.Sdk.FrameworkReferenceResolution.targets(14,5): message :       GetReferenceAssemblyPaths;
       /usr/local/share/dotnet/sdk/10.0.100-rc.1.25451.107/Sdks/Microsoft.NET.Sdk/targets/Microsoft.NET.Sdk.FrameworkReferenceResolution.targets(14,5): message :       PrepareForBuild;
       /usr/local/share/dotnet/sdk/10.0.100-rc.1.25451.107/Sdks/Microsoft.NET.Sdk/targets/Microsoft.NET.Sdk.FrameworkReferenceResolution.targets(14,5): message :       ResolveSDKReferences;
       /usr/local/share/dotnet/sdk/10.0.100-rc.1.25451.107/Sdks/Microsoft.NET.Sdk/targets/Microsoft.NET.Sdk.FrameworkReferenceResolution.targets(14,5): message :       ExpandSDKReferences;
       /usr/local/share/dotnet/sdk/10.0.100-rc.1.25451.107/Sdks/Microsoft.NET.Sdk/targets/Microsoft.NET.Sdk.FrameworkReferenceResolution.targets(14,5): message :     ;
       /usr/local/share/dotnet/sdk/10.0.100-rc.1.25451.107/Sdks/Microsoft.NET.Sdk/targets/Microsoft.NET.Sdk.FrameworkReferenceResolution.targets(14,5): message :       ResolvePackageDependenciesForBuild;
       /usr/local/share/dotnet/sdk/10.0.100-rc.1.25451.107/Sdks/Microsoft.NET.Sdk/targets/Microsoft.NET.Sdk.FrameworkReferenceResolution.targets(14,5): message :       _HandlePackageFileConflicts;
       /usr/local/share/dotnet/sdk/10.0.100-rc.1.25451.107/Sdks/Microsoft.NET.Sdk/targets/Microsoft.NET.Sdk.FrameworkReferenceResolution.targets(14,5): message :     ;
       /usr/local/share/dotnet/sdk/10.0.100-rc.1.25451.107/Sdks/Microsoft.NET.Sdk/targets/Microsoft.NET.Sdk.FrameworkReferenceResolution.targets(14,5): message :       ResolveTargetingPackAssets;
       /usr/local/share/dotnet/sdk/10.0.100-rc.1.25451.107/Sdks/Microsoft.NET.Sdk/targets/Microsoft.NET.Sdk.FrameworkReferenceResolution.targets(14,5): message :     " (previous value: "
       /usr/local/share/dotnet/sdk/10.0.100-rc.1.25451.107/Sdks/Microsoft.NET.Sdk/targets/Microsoft.NET.Sdk.FrameworkReferenceResolution.targets(14,5): message :       
       /usr/local/share/dotnet/sdk/10.0.100-rc.1.25451.107/Sdks/Microsoft.NET.Sdk/targets/Microsoft.NET.Sdk.FrameworkReferenceResolution.targets(14,5): message :       ResolveProjectReferences;
       /usr/local/share/dotnet/sdk/10.0.100-rc.1.25451.107/Sdks/Microsoft.NET.Sdk/targets/Microsoft.NET.Sdk.FrameworkReferenceResolution.targets(14,5): message :       FindInvalidProjectReferences;
       /usr/local/share/dotnet/sdk/10.0.100-rc.1.25451.107/Sdks/Microsoft.NET.Sdk/targets/Microsoft.NET.Sdk.FrameworkReferenceResolution.targets(14,5): message :       GetFrameworkPaths;
       /usr/local/share/dotnet/sdk/10.0.100-rc.1.25451.107/Sdks/Microsoft.NET.Sdk/targets/Microsoft.NET.Sdk.FrameworkReferenceResolution.targets(14,5): message :       GetReferenceAssemblyPaths;
       /usr/local/share/dotnet/sdk/10.0.100-rc.1.25451.107/Sdks/Microsoft.NET.Sdk/targets/Microsoft.NET.Sdk.FrameworkReferenceResolution.targets(14,5): message :       PrepareForBuild;
       /usr/local/share/dotnet/sdk/10.0.100-rc.1.25451.107/Sdks/Microsoft.NET.Sdk/targets/Microsoft.NET.Sdk.FrameworkReferenceResolution.targets(14,5): message :       ResolveSDKReferences;
       /usr/local/share/dotnet/sdk/10.0.100-rc.1.25451.107/Sdks/Microsoft.NET.Sdk/targets/Microsoft.NET.Sdk.FrameworkReferenceResolution.targets(14,5): message :       ExpandSDKReferences;
       /usr/local/share/dotnet/sdk/10.0.100-rc.1.25451.107/Sdks/Microsoft.NET.Sdk/targets/Microsoft.NET.Sdk.FrameworkReferenceResolution.targets(14,5): message :     ;
       /usr/local/share/dotnet/sdk/10.0.100-rc.1.25451.107/Sdks/Microsoft.NET.Sdk/targets/Microsoft.NET.Sdk.FrameworkReferenceResolution.targets(14,5): message :       ResolvePackageDependenciesForBuild;
       /usr/local/share/dotnet/sdk/10.0.100-rc.1.25451.107/Sdks/Microsoft.NET.Sdk/targets/Microsoft.NET.Sdk.FrameworkReferenceResolution.targets(14,5): message :       _HandlePackageFileConflicts;
       /usr/local/share/dotnet/sdk/10.0.100-rc.1.25451.107/Sdks/Microsoft.NET.Sdk/targets/Microsoft.NET.Sdk.FrameworkReferenceResolution.targets(14,5): message :     ") at /usr/local/share/dotnet/sdk/10.0.100-rc.1.25451.107/Sdks/Microsoft.NET.Sdk/targets/Microsoft.NET.Sdk.FrameworkReferenceResolution.targets (14,5)
       /usr/local/share/dotnet/sdk/10.0.100-rc.1.25451.107/Sdks/Microsoft.NET.Sdk/targets/Microsoft.NET.Sdk.targets(44,5): message : Property reassignment: $(_GenerateRuntimeConfigurationPropertyInputsCache)="/Users/amir/Documents/dev/kalshi-signals/backend/Kalshi.Api/obj/Debug/net8.0/Kalshi.Api.genruntimeconfig.cache" (previous value: "obj\Debug/net8.0/Kalshi.Api.genruntimeconfig.cache") at /usr/local/share/dotnet/sdk/10.0.100-rc.1.25451.107/Sdks/Microsoft.NET.Sdk/targets/Microsoft.NET.Sdk.targets (44,5)
       /usr/local/share/dotnet/sdk/10.0.100-rc.1.25451.107/Sdks/Microsoft.NET.Sdk/targets/Microsoft.NET.Sdk.targets(46,5): message : Property reassignment: $(_GeneratePublishDependencyFilePropertyInputsCache)="/Users/amir/Documents/dev/kalshi-signals/backend/Kalshi.Api/obj/Debug/net8.0/Kalshi.Api.genpublishdeps.cache" (previous value: "obj\Debug/net8.0/Kalshi.Api.genpublishdeps.cache") at /usr/local/share/dotnet/sdk/10.0.100-rc.1.25451.107/Sdks/Microsoft.NET.Sdk/targets/Microsoft.NET.Sdk.targets (46,5)
       /usr/local/share/dotnet/sdk/10.0.100-rc.1.25451.107/Sdks/Microsoft.NET.Sdk/targets/Microsoft.NET.Sdk.targets(48,5): message : Property reassignment: $(_GenerateSingleFileBundlePropertyInputsCache)="/Users/amir/Documents/dev/kalshi-signals/backend/Kalshi.Api/obj/Debug/net8.0/Kalshi.Api.genbundle.cache" (previous value: "obj\Debug/net8.0/Kalshi.Api.genbundle.cache") at /usr/local/share/dotnet/sdk/10.0.100-rc.1.25451.107/Sdks/Microsoft.NET.Sdk/targets/Microsoft.NET.Sdk.targets (48,5)
       /usr/local/share/dotnet/sdk/10.0.100-rc.1.25451.107/Sdks/Microsoft.NET.Sdk/targets/Microsoft.NET.Sdk.targets(81,5): message : Property reassignment: $(GenerateRuntimeConfigDevFile)="false" (previous value: "true") at /usr/local/share/dotnet/sdk/10.0.100-rc.1.25451.107/Sdks/Microsoft.NET.Sdk/targets/Microsoft.NET.Sdk.targets (81,5)
       /usr/local/share/dotnet/sdk/10.0.100-rc.1.25451.107/Sdks/Microsoft.NET.Sdk/targets/Microsoft.NET.Sdk.targets(97,5): message : Property 'HOME' with value '/Users/amir' expanded from the environment.
       /usr/local/share/dotnet/sdk/10.0.100-rc.1.25451.107/Sdks/Microsoft.NET.Sdk/targets/Microsoft.NET.Sdk.targets(99,5): message : Property reassignment: $(_DefaultUserProfileRuntimeStorePath)="/Users/amir/.dotnet/store" (previous value: "/Users/amir") at /usr/local/share/dotnet/sdk/10.0.100-rc.1.25451.107/Sdks/Microsoft.NET.Sdk/targets/Microsoft.NET.Sdk.targets (99,5)
       /usr/local/share/dotnet/sdk/10.0.100-rc.1.25451.107/Sdks/Microsoft.NET.Sdk/targets/Microsoft.NET.Sdk.targets(144,5): message : Property reassignment: $(AvailablePlatforms)="Any CPU,x86,x64,ARM32" (previous value: "Any CPU,x86,x64") at /usr/local/share/dotnet/sdk/10.0.100-rc.1.25451.107/Sdks/Microsoft.NET.Sdk/targets/Microsoft.NET.Sdk.targets (144,5)
       /usr/local/share/dotnet/sdk/10.0.100-rc.1.25451.107/Sdks/Microsoft.NET.Sdk/targets/Microsoft.NET.Sdk.targets(148,5): message : Property reassignment: $(AvailablePlatforms)="Any CPU,x86,x64,ARM32,ARM64" (previous value: "Any CPU,x86,x64,ARM32") at /usr/local/share/dotnet/sdk/10.0.100-rc.1.25451.107/Sdks/Microsoft.NET.Sdk/targets/Microsoft.NET.Sdk.targets (148,5)
       /usr/local/share/dotnet/sdk/10.0.100-rc.1.25451.107/Sdks/Microsoft.NET.Sdk/targets/Microsoft.NET.Sdk.targets(204,5): message : Property reassignment: $(CoreBuildDependsOn)="
       /usr/local/share/dotnet/sdk/10.0.100-rc.1.25451.107/Sdks/Microsoft.NET.Sdk/targets/Microsoft.NET.Sdk.targets(204,5): message :       _CheckForBuildWithNoBuild;
       /usr/local/share/dotnet/sdk/10.0.100-rc.1.25451.107/Sdks/Microsoft.NET.Sdk/targets/Microsoft.NET.Sdk.targets(204,5): message :       
       /usr/local/share/dotnet/sdk/10.0.100-rc.1.25451.107/Sdks/Microsoft.NET.Sdk/targets/Microsoft.NET.Sdk.targets(204,5): message :       BuildOnlySettings;
       /usr/local/share/dotnet/sdk/10.0.100-rc.1.25451.107/Sdks/Microsoft.NET.Sdk/targets/Microsoft.NET.Sdk.targets(204,5): message :       PrepareForBuild;
       /usr/local/share/dotnet/sdk/10.0.100-rc.1.25451.107/Sdks/Microsoft.NET.Sdk/targets/Microsoft.NET.Sdk.targets(204,5): message :       PreBuildEvent;
       /usr/local/share/dotnet/sdk/10.0.100-rc.1.25451.107/Sdks/Microsoft.NET.Sdk/targets/Microsoft.NET.Sdk.targets(204,5): message :       ResolveReferences;
       /usr/local/share/dotnet/sdk/10.0.100-rc.1.25451.107/Sdks/Microsoft.NET.Sdk/targets/Microsoft.NET.Sdk.targets(204,5): message :       PrepareResources;
       /usr/local/share/dotnet/sdk/10.0.100-rc.1.25451.107/Sdks/Microsoft.NET.Sdk/targets/Microsoft.NET.Sdk.targets(204,5): message :       ResolveKeySource;
       /usr/local/share/dotnet/sdk/10.0.100-rc.1.25451.107/Sdks/Microsoft.NET.Sdk/targets/Microsoft.NET.Sdk.targets(204,5): message :       Compile;
       /usr/local/share/dotnet/sdk/10.0.100-rc.1.25451.107/Sdks/Microsoft.NET.Sdk/targets/Microsoft.NET.Sdk.targets(204,5): message :       ExportWindowsMDFile;
       /usr/local/share/dotnet/sdk/10.0.100-rc.1.25451.107/Sdks/Microsoft.NET.Sdk/targets/Microsoft.NET.Sdk.targets(204,5): message :       UnmanagedUnregistration;
       /usr/local/share/dotnet/sdk/10.0.100-rc.1.25451.107/Sdks/Microsoft.NET.Sdk/targets/Microsoft.NET.Sdk.targets(204,5): message :       GenerateSerializationAssemblies;
       /usr/local/share/dotnet/sdk/10.0.100-rc.1.25451.107/Sdks/Microsoft.NET.Sdk/targets/Microsoft.NET.Sdk.targets(204,5): message :       CreateSatelliteAssemblies;
       /usr/local/share/dotnet/sdk/10.0.100-rc.1.25451.107/Sdks/Microsoft.NET.Sdk/targets/Microsoft.NET.Sdk.targets(204,5): message :       GenerateManifests;
       /usr/local/share/dotnet/sdk/10.0.100-rc.1.25451.107/Sdks/Microsoft.NET.Sdk/targets/Microsoft.NET.Sdk.targets(204,5): message :       GetTargetPath;
       /usr/local/share/dotnet/sdk/10.0.100-rc.1.25451.107/Sdks/Microsoft.NET.Sdk/targets/Microsoft.NET.Sdk.targets(204,5): message :       PrepareForRun;
       /usr/local/share/dotnet/sdk/10.0.100-rc.1.25451.107/Sdks/Microsoft.NET.Sdk/targets/Microsoft.NET.Sdk.targets(204,5): message :       UnmanagedRegistration;
       /usr/local/share/dotnet/sdk/10.0.100-rc.1.25451.107/Sdks/Microsoft.NET.Sdk/targets/Microsoft.NET.Sdk.targets(204,5): message :       IncrementalClean;
       /usr/local/share/dotnet/sdk/10.0.100-rc.1.25451.107/Sdks/Microsoft.NET.Sdk/targets/Microsoft.NET.Sdk.targets(204,5): message :       PostBuildEvent
       /usr/local/share/dotnet/sdk/10.0.100-rc.1.25451.107/Sdks/Microsoft.NET.Sdk/targets/Microsoft.NET.Sdk.targets(204,5): message :     ;
       /usr/local/share/dotnet/sdk/10.0.100-rc.1.25451.107/Sdks/Microsoft.NET.Sdk/targets/Microsoft.NET.Sdk.targets(204,5): message :       GenerateBuildDependencyFile;
       /usr/local/share/dotnet/sdk/10.0.100-rc.1.25451.107/Sdks/Microsoft.NET.Sdk/targets/Microsoft.NET.Sdk.targets(204,5): message :       GenerateBuildRuntimeConfigurationFiles
       /usr/local/share/dotnet/sdk/10.0.100-rc.1.25451.107/Sdks/Microsoft.NET.Sdk/targets/Microsoft.NET.Sdk.targets(204,5): message :     " (previous value: "
       /usr/local/share/dotnet/sdk/10.0.100-rc.1.25451.107/Sdks/Microsoft.NET.Sdk/targets/Microsoft.NET.Sdk.targets(204,5): message :       BuildOnlySettings;
       /usr/local/share/dotnet/sdk/10.0.100-rc.1.25451.107/Sdks/Microsoft.NET.Sdk/targets/Microsoft.NET.Sdk.targets(204,5): message :       PrepareForBuild;
       /usr/local/share/dotnet/sdk/10.0.100-rc.1.25451.107/Sdks/Microsoft.NET.Sdk/targets/Microsoft.NET.Sdk.targets(204,5): message :       PreBuildEvent;
       /usr/local/share/dotnet/sdk/10.0.100-rc.1.25451.107/Sdks/Microsoft.NET.Sdk/targets/Microsoft.NET.Sdk.targets(204,5): message :       ResolveReferences;
       /usr/local/share/dotnet/sdk/10.0.100-rc.1.25451.107/Sdks/Microsoft.NET.Sdk/targets/Microsoft.NET.Sdk.targets(204,5): message :       PrepareResources;
       /usr/local/share/dotnet/sdk/10.0.100-rc.1.25451.107/Sdks/Microsoft.NET.Sdk/targets/Microsoft.NET.Sdk.targets(204,5): message :       ResolveKeySource;
       /usr/local/share/dotnet/sdk/10.0.100-rc.1.25451.107/Sdks/Microsoft.NET.Sdk/targets/Microsoft.NET.Sdk.targets(204,5): message :       Compile;
       /usr/local/share/dotnet/sdk/10.0.100-rc.1.25451.107/Sdks/Microsoft.NET.Sdk/targets/Microsoft.NET.Sdk.targets(204,5): message :       ExportWindowsMDFile;
       /usr/local/share/dotnet/sdk/10.0.100-rc.1.25451.107/Sdks/Microsoft.NET.Sdk/targets/Microsoft.NET.Sdk.targets(204,5): message :       UnmanagedUnregistration;
       /usr/local/share/dotnet/sdk/10.0.100-rc.1.25451.107/Sdks/Microsoft.NET.Sdk/targets/Microsoft.NET.Sdk.targets(204,5): message :       GenerateSerializationAssemblies;
       /usr/local/share/dotnet/sdk/10.0.100-rc.1.25451.107/Sdks/Microsoft.NET.Sdk/targets/Microsoft.NET.Sdk.targets(204,5): message :       CreateSatelliteAssemblies;
       /usr/local/share/dotnet/sdk/10.0.100-rc.1.25451.107/Sdks/Microsoft.NET.Sdk/targets/Microsoft.NET.Sdk.targets(204,5): message :       GenerateManifests;
       /usr/local/share/dotnet/sdk/10.0.100-rc.1.25451.107/Sdks/Microsoft.NET.Sdk/targets/Microsoft.NET.Sdk.targets(204,5): message :       GetTargetPath;
       /usr/local/share/dotnet/sdk/10.0.100-rc.1.25451.107/Sdks/Microsoft.NET.Sdk/targets/Microsoft.NET.Sdk.targets(204,5): message :       PrepareForRun;
       /usr/local/share/dotnet/sdk/10.0.100-rc.1.25451.107/Sdks/Microsoft.NET.Sdk/targets/Microsoft.NET.Sdk.targets(204,5): message :       UnmanagedRegistration;
       /usr/local/share/dotnet/sdk/10.0.100-rc.1.25451.107/Sdks/Microsoft.NET.Sdk/targets/Microsoft.NET.Sdk.targets(204,5): message :       IncrementalClean;
       /usr/local/share/dotnet/sdk/10.0.100-rc.1.25451.107/Sdks/Microsoft.NET.Sdk/targets/Microsoft.NET.Sdk.targets(204,5): message :       PostBuildEvent
       /usr/local/share/dotnet/sdk/10.0.100-rc.1.25451.107/Sdks/Microsoft.NET.Sdk/targets/Microsoft.NET.Sdk.targets(204,5): message :     ") at /usr/local/share/dotnet/sdk/10.0.100-rc.1.25451.107/Sdks/Microsoft.NET.Sdk/targets/Microsoft.NET.Sdk.targets (204,5)
       /usr/local/share/dotnet/sdk/10.0.100-rc.1.25451.107/Sdks/Microsoft.NET.Sdk/targets/Microsoft.NET.Sdk.targets(213,5): message : Property reassignment: $(CoreCleanDependsOn)="
       /usr/local/share/dotnet/sdk/10.0.100-rc.1.25451.107/Sdks/Microsoft.NET.Sdk/targets/Microsoft.NET.Sdk.targets(213,5): message :       _SdkBeforeClean;
       /usr/local/share/dotnet/sdk/10.0.100-rc.1.25451.107/Sdks/Microsoft.NET.Sdk/targets/Microsoft.NET.Sdk.targets(213,5): message :       
       /usr/local/share/dotnet/sdk/10.0.100-rc.1.25451.107/Sdks/Microsoft.NET.Sdk/targets/Microsoft.NET.Sdk.targets(213,5): message :     " (previous value: "") at /usr/local/share/dotnet/sdk/10.0.100-rc.1.25451.107/Sdks/Microsoft.NET.Sdk/targets/Microsoft.NET.Sdk.targets (213,5)
       /usr/local/share/dotnet/sdk/10.0.100-rc.1.25451.107/Sdks/Microsoft.NET.Sdk/targets/Microsoft.NET.Sdk.targets(220,5): message : Property reassignment: $(RebuildDependsOn)="
       /usr/local/share/dotnet/sdk/10.0.100-rc.1.25451.107/Sdks/Microsoft.NET.Sdk/targets/Microsoft.NET.Sdk.targets(220,5): message :       _SdkBeforeRebuild;
       /usr/local/share/dotnet/sdk/10.0.100-rc.1.25451.107/Sdks/Microsoft.NET.Sdk/targets/Microsoft.NET.Sdk.targets(220,5): message :       
       /usr/local/share/dotnet/sdk/10.0.100-rc.1.25451.107/Sdks/Microsoft.NET.Sdk/targets/Microsoft.NET.Sdk.targets(220,5): message :       BeforeRebuild;
       /usr/local/share/dotnet/sdk/10.0.100-rc.1.25451.107/Sdks/Microsoft.NET.Sdk/targets/Microsoft.NET.Sdk.targets(220,5): message :       Clean;
       /usr/local/share/dotnet/sdk/10.0.100-rc.1.25451.107/Sdks/Microsoft.NET.Sdk/targets/Microsoft.NET.Sdk.targets(220,5): message :       Build;
       /usr/local/share/dotnet/sdk/10.0.100-rc.1.25451.107/Sdks/Microsoft.NET.Sdk/targets/Microsoft.NET.Sdk.targets(220,5): message :       AfterRebuild;
       /usr/local/share/dotnet/sdk/10.0.100-rc.1.25451.107/Sdks/Microsoft.NET.Sdk/targets/Microsoft.NET.Sdk.targets(220,5): message :     
       /usr/local/share/dotnet/sdk/10.0.100-rc.1.25451.107/Sdks/Microsoft.NET.Sdk/targets/Microsoft.NET.Sdk.targets(220,5): message :     " (previous value: "
       /usr/local/share/dotnet/sdk/10.0.100-rc.1.25451.107/Sdks/Microsoft.NET.Sdk/targets/Microsoft.NET.Sdk.targets(220,5): message :       BeforeRebuild;
       /usr/local/share/dotnet/sdk/10.0.100-rc.1.25451.107/Sdks/Microsoft.NET.Sdk/targets/Microsoft.NET.Sdk.targets(220,5): message :       Clean;
       /usr/local/share/dotnet/sdk/10.0.100-rc.1.25451.107/Sdks/Microsoft.NET.Sdk/targets/Microsoft.NET.Sdk.targets(220,5): message :       Build;
       /usr/local/share/dotnet/sdk/10.0.100-rc.1.25451.107/Sdks/Microsoft.NET.Sdk/targets/Microsoft.NET.Sdk.targets(220,5): message :       AfterRebuild;
       /usr/local/share/dotnet/sdk/10.0.100-rc.1.25451.107/Sdks/Microsoft.NET.Sdk/targets/Microsoft.NET.Sdk.targets(220,5): message :     ") at /usr/local/share/dotnet/sdk/10.0.100-rc.1.25451.107/Sdks/Microsoft.NET.Sdk/targets/Microsoft.NET.Sdk.targets (220,5)
       /usr/local/share/dotnet/sdk/10.0.100-rc.1.25451.107/Sdks/Microsoft.NET.Sdk/targets/Microsoft.NET.Sdk.targets(799,5): message : Property reassignment: $(CompileDependsOn)="
       /usr/local/share/dotnet/sdk/10.0.100-rc.1.25451.107/Sdks/Microsoft.NET.Sdk/targets/Microsoft.NET.Sdk.targets(799,5): message :       
       /usr/local/share/dotnet/sdk/10.0.100-rc.1.25451.107/Sdks/Microsoft.NET.Sdk/targets/Microsoft.NET.Sdk.targets(799,5): message :       ResolveReferences;
       /usr/local/share/dotnet/sdk/10.0.100-rc.1.25451.107/Sdks/Microsoft.NET.Sdk/targets/Microsoft.NET.Sdk.targets(799,5): message :       ResolveKeySource;
       /usr/local/share/dotnet/sdk/10.0.100-rc.1.25451.107/Sdks/Microsoft.NET.Sdk/targets/Microsoft.NET.Sdk.targets(799,5): message :       SetWin32ManifestProperties;
       /usr/local/share/dotnet/sdk/10.0.100-rc.1.25451.107/Sdks/Microsoft.NET.Sdk/targets/Microsoft.NET.Sdk.targets(799,5): message :       _SetPreferNativeArm64Win32ManifestProperties;
       /usr/local/share/dotnet/sdk/10.0.100-rc.1.25451.107/Sdks/Microsoft.NET.Sdk/targets/Microsoft.NET.Sdk.targets(799,5): message :       FindReferenceAssembliesForReferences;
       /usr/local/share/dotnet/sdk/10.0.100-rc.1.25451.107/Sdks/Microsoft.NET.Sdk/targets/Microsoft.NET.Sdk.targets(799,5): message :       _GenerateCompileInputs;
       /usr/local/share/dotnet/sdk/10.0.100-rc.1.25451.107/Sdks/Microsoft.NET.Sdk/targets/Microsoft.NET.Sdk.targets(799,5): message :       BeforeCompile;
       /usr/local/share/dotnet/sdk/10.0.100-rc.1.25451.107/Sdks/Microsoft.NET.Sdk/targets/Microsoft.NET.Sdk.targets(799,5): message :       _TimeStampBeforeCompile;
       /usr/local/share/dotnet/sdk/10.0.100-rc.1.25451.107/Sdks/Microsoft.NET.Sdk/targets/Microsoft.NET.Sdk.targets(799,5): message :       _GenerateCompileDependencyCache;
       /usr/local/share/dotnet/sdk/10.0.100-rc.1.25451.107/Sdks/Microsoft.NET.Sdk/targets/Microsoft.NET.Sdk.targets(799,5): message :       CoreCompile;
       /usr/local/share/dotnet/sdk/10.0.100-rc.1.25451.107/Sdks/Microsoft.NET.Sdk/targets/Microsoft.NET.Sdk.targets(799,5): message :       _TimeStampAfterCompile;
       /usr/local/share/dotnet/sdk/10.0.100-rc.1.25451.107/Sdks/Microsoft.NET.Sdk/targets/Microsoft.NET.Sdk.targets(799,5): message :       AfterCompile;
       /usr/local/share/dotnet/sdk/10.0.100-rc.1.25451.107/Sdks/Microsoft.NET.Sdk/targets/Microsoft.NET.Sdk.targets(799,5): message :     ;
       /usr/local/share/dotnet/sdk/10.0.100-rc.1.25451.107/Sdks/Microsoft.NET.Sdk/targets/Microsoft.NET.Sdk.targets(799,5): message :       _CreateAppHost;
       /usr/local/share/dotnet/sdk/10.0.100-rc.1.25451.107/Sdks/Microsoft.NET.Sdk/targets/Microsoft.NET.Sdk.targets(799,5): message :       _CreateComHost;
       /usr/local/share/dotnet/sdk/10.0.100-rc.1.25451.107/Sdks/Microsoft.NET.Sdk/targets/Microsoft.NET.Sdk.targets(799,5): message :       _GetIjwHostPaths;
       /usr/local/share/dotnet/sdk/10.0.100-rc.1.25451.107/Sdks/Microsoft.NET.Sdk/targets/Microsoft.NET.Sdk.targets(799,5): message :     " (previous value: "
       /usr/local/share/dotnet/sdk/10.0.100-rc.1.25451.107/Sdks/Microsoft.NET.Sdk/targets/Microsoft.NET.Sdk.targets(799,5): message :       ResolveReferences;
       /usr/local/share/dotnet/sdk/10.0.100-rc.1.25451.107/Sdks/Microsoft.NET.Sdk/targets/Microsoft.NET.Sdk.targets(799,5): message :       ResolveKeySource;
       /usr/local/share/dotnet/sdk/10.0.100-rc.1.25451.107/Sdks/Microsoft.NET.Sdk/targets/Microsoft.NET.Sdk.targets(799,5): message :       SetWin32ManifestProperties;
       /usr/local/share/dotnet/sdk/10.0.100-rc.1.25451.107/Sdks/Microsoft.NET.Sdk/targets/Microsoft.NET.Sdk.targets(799,5): message :       _SetPreferNativeArm64Win32ManifestProperties;
       /usr/local/share/dotnet/sdk/10.0.100-rc.1.25451.107/Sdks/Microsoft.NET.Sdk/targets/Microsoft.NET.Sdk.targets(799,5): message :       FindReferenceAssembliesForReferences;
       /usr/local/share/dotnet/sdk/10.0.100-rc.1.25451.107/Sdks/Microsoft.NET.Sdk/targets/Microsoft.NET.Sdk.targets(799,5): message :       _GenerateCompileInputs;
       /usr/local/share/dotnet/sdk/10.0.100-rc.1.25451.107/Sdks/Microsoft.NET.Sdk/targets/Microsoft.NET.Sdk.targets(799,5): message :       BeforeCompile;
       /usr/local/share/dotnet/sdk/10.0.100-rc.1.25451.107/Sdks/Microsoft.NET.Sdk/targets/Microsoft.NET.Sdk.targets(799,5): message :       _TimeStampBeforeCompile;
       /usr/local/share/dotnet/sdk/10.0.100-rc.1.25451.107/Sdks/Microsoft.NET.Sdk/targets/Microsoft.NET.Sdk.targets(799,5): message :       _GenerateCompileDependencyCache;
       /usr/local/share/dotnet/sdk/10.0.100-rc.1.25451.107/Sdks/Microsoft.NET.Sdk/targets/Microsoft.NET.Sdk.targets(799,5): message :       CoreCompile;
       /usr/local/share/dotnet/sdk/10.0.100-rc.1.25451.107/Sdks/Microsoft.NET.Sdk/targets/Microsoft.NET.Sdk.targets(799,5): message :       _TimeStampAfterCompile;
       /usr/local/share/dotnet/sdk/10.0.100-rc.1.25451.107/Sdks/Microsoft.NET.Sdk/targets/Microsoft.NET.Sdk.targets(799,5): message :       AfterCompile;
       /usr/local/share/dotnet/sdk/10.0.100-rc.1.25451.107/Sdks/Microsoft.NET.Sdk/targets/Microsoft.NET.Sdk.targets(799,5): message :     ") at /usr/local/share/dotnet/sdk/10.0.100-rc.1.25451.107/Sdks/Microsoft.NET.Sdk/targets/Microsoft.NET.Sdk.targets (799,5)
       /usr/local/share/dotnet/sdk/10.0.100-rc.1.25451.107/Sdks/Microsoft.NET.Sdk/targets/Microsoft.NET.Sdk.targets(1131,5): message : Property reassignment: $(CreateSatelliteAssembliesDependsOn)="
       /usr/local/share/dotnet/sdk/10.0.100-rc.1.25451.107/Sdks/Microsoft.NET.Sdk/targets/Microsoft.NET.Sdk.targets(1131,5): message :       
       /usr/local/share/dotnet/sdk/10.0.100-rc.1.25451.107/Sdks/Microsoft.NET.Sdk/targets/Microsoft.NET.Sdk.targets(1131,5): message :       ;
       /usr/local/share/dotnet/sdk/10.0.100-rc.1.25451.107/Sdks/Microsoft.NET.Sdk/targets/Microsoft.NET.Sdk.targets(1131,5): message :       _GenerateSatelliteAssemblyInputs;
       /usr/local/share/dotnet/sdk/10.0.100-rc.1.25451.107/Sdks/Microsoft.NET.Sdk/targets/Microsoft.NET.Sdk.targets(1131,5): message :       ComputeIntermediateSatelliteAssemblies;
       /usr/local/share/dotnet/sdk/10.0.100-rc.1.25451.107/Sdks/Microsoft.NET.Sdk/targets/Microsoft.NET.Sdk.targets(1131,5): message :       GenerateSatelliteAssemblies
       /usr/local/share/dotnet/sdk/10.0.100-rc.1.25451.107/Sdks/Microsoft.NET.Sdk/targets/Microsoft.NET.Sdk.targets(1131,5): message :     ;
       /usr/local/share/dotnet/sdk/10.0.100-rc.1.25451.107/Sdks/Microsoft.NET.Sdk/targets/Microsoft.NET.Sdk.targets(1131,5): message :       CoreGenerateSatelliteAssemblies
       /usr/local/share/dotnet/sdk/10.0.100-rc.1.25451.107/Sdks/Microsoft.NET.Sdk/targets/Microsoft.NET.Sdk.targets(1131,5): message :     " (previous value: "
       /usr/local/share/dotnet/sdk/10.0.100-rc.1.25451.107/Sdks/Microsoft.NET.Sdk/targets/Microsoft.NET.Sdk.targets(1131,5): message :       ;
       /usr/local/share/dotnet/sdk/10.0.100-rc.1.25451.107/Sdks/Microsoft.NET.Sdk/targets/Microsoft.NET.Sdk.targets(1131,5): message :       _GenerateSatelliteAssemblyInputs;
       /usr/local/share/dotnet/sdk/10.0.100-rc.1.25451.107/Sdks/Microsoft.NET.Sdk/targets/Microsoft.NET.Sdk.targets(1131,5): message :       ComputeIntermediateSatelliteAssemblies;
       /usr/local/share/dotnet/sdk/10.0.100-rc.1.25451.107/Sdks/Microsoft.NET.Sdk/targets/Microsoft.NET.Sdk.targets(1131,5): message :       GenerateSatelliteAssemblies
       /usr/local/share/dotnet/sdk/10.0.100-rc.1.25451.107/Sdks/Microsoft.NET.Sdk/targets/Microsoft.NET.Sdk.targets(1131,5): message :     ") at /usr/local/share/dotnet/sdk/10.0.100-rc.1.25451.107/Sdks/Microsoft.NET.Sdk/targets/Microsoft.NET.Sdk.targets (1131,5)
       /usr/local/share/dotnet/sdk/10.0.100-rc.1.25451.107/Sdks/Microsoft.SourceLink.GitLab/build/Microsoft.SourceLink.GitLab.targets(12,5): message : Property reassignment: $(SourceLinkUrlInitializerTargets)=";_InitializeGitHubSourceLinkUrl;_InitializeGitLabSourceLinkUrl" (previous value: ";_InitializeGitHubSourceLinkUrl") at /usr/local/share/dotnet/sdk/10.0.100-rc.1.25451.107/Sdks/Microsoft.SourceLink.GitLab/build/Microsoft.SourceLink.GitLab.targets (12,5)
       /usr/local/share/dotnet/sdk/10.0.100-rc.1.25451.107/Sdks/Microsoft.SourceLink.GitLab/build/Microsoft.SourceLink.GitLab.targets(13,5): message : Property reassignment: $(SourceControlManagerUrlTranslationTargets)=";TranslateGitHubUrlsInSourceControlInformation;TranslateGitLabUrlsInSourceControlInformation" (previous value: ";TranslateGitHubUrlsInSourceControlInformation") at /usr/local/share/dotnet/sdk/10.0.100-rc.1.25451.107/Sdks/Microsoft.SourceLink.GitLab/build/Microsoft.SourceLink.GitLab.targets (13,5)
       /usr/local/share/dotnet/sdk/10.0.100-rc.1.25451.107/Sdks/Microsoft.SourceLink.AzureRepos.Git/build/Microsoft.SourceLink.AzureRepos.Git.targets(12,5): message : Property reassignment: $(SourceLinkUrlInitializerTargets)=";_InitializeGitHubSourceLinkUrl;_InitializeGitLabSourceLinkUrl;_InitializeAzureReposGitSourceLinkUrl" (previous value: ";_InitializeGitHubSourceLinkUrl;_InitializeGitLabSourceLinkUrl") at /usr/local/share/dotnet/sdk/10.0.100-rc.1.25451.107/Sdks/Microsoft.SourceLink.AzureRepos.Git/build/Microsoft.SourceLink.AzureRepos.Git.targets (12,5)
       /usr/local/share/dotnet/sdk/10.0.100-rc.1.25451.107/Sdks/Microsoft.SourceLink.AzureRepos.Git/build/Microsoft.SourceLink.AzureRepos.Git.targets(13,5): message : Property reassignment: $(SourceControlManagerUrlTranslationTargets)=";TranslateGitHubUrlsInSourceControlInformation;TranslateGitLabUrlsInSourceControlInformation;TranslateAzureReposGitUrlsInSourceControlInformation" (previous value: ";TranslateGitHubUrlsInSourceControlInformation;TranslateGitLabUrlsInSourceControlInformation") at /usr/local/share/dotnet/sdk/10.0.100-rc.1.25451.107/Sdks/Microsoft.SourceLink.AzureRepos.Git/build/Microsoft.SourceLink.AzureRepos.Git.targets (13,5)
       /usr/local/share/dotnet/sdk/10.0.100-rc.1.25451.107/Sdks/Microsoft.SourceLink.Bitbucket.Git/build/Microsoft.SourceLink.Bitbucket.Git.targets(12,5): message : Property reassignment: $(SourceLinkUrlInitializerTargets)=";_InitializeGitHubSourceLinkUrl;_InitializeGitLabSourceLinkUrl;_InitializeAzureReposGitSourceLinkUrl;_InitializeBitbucketGitSourceLinkUrl" (previous value: ";_InitializeGitHubSourceLinkUrl;_InitializeGitLabSourceLinkUrl;_InitializeAzureReposGitSourceLinkUrl") at /usr/local/share/dotnet/sdk/10.0.100-rc.1.25451.107/Sdks/Microsoft.SourceLink.Bitbucket.Git/build/Microsoft.SourceLink.Bitbucket.Git.targets (12,5)
       /usr/local/share/dotnet/sdk/10.0.100-rc.1.25451.107/Sdks/Microsoft.SourceLink.Bitbucket.Git/build/Microsoft.SourceLink.Bitbucket.Git.targets(13,5): message : Property reassignment: $(SourceControlManagerUrlTranslationTargets)=";TranslateGitHubUrlsInSourceControlInformation;TranslateGitLabUrlsInSourceControlInformation;TranslateAzureReposGitUrlsInSourceControlInformation;TranslateBitbucketGitUrlsInSourceControlInformation" (previous value: ";TranslateGitHubUrlsInSourceControlInformation;TranslateGitLabUrlsInSourceControlInformation;TranslateAzureReposGitUrlsInSourceControlInformation") at /usr/local/share/dotnet/sdk/10.0.100-rc.1.25451.107/Sdks/Microsoft.SourceLink.Bitbucket.Git/build/Microsoft.SourceLink.Bitbucket.Git.targets (13,5)
       /usr/local/share/dotnet/sdk/10.0.100-rc.1.25451.107/Sdks/Microsoft.NET.Sdk/targets/Microsoft.NET.DesignerSupport.targets(21,5): message : Property reassignment: $(DesignerRuntimeImplementationProjectOutputGroupDependsOn)="
       /usr/local/share/dotnet/sdk/10.0.100-rc.1.25451.107/Sdks/Microsoft.NET.Sdk/targets/Microsoft.NET.DesignerSupport.targets(21,5): message :       
       /usr/local/share/dotnet/sdk/10.0.100-rc.1.25451.107/Sdks/Microsoft.NET.Sdk/targets/Microsoft.NET.DesignerSupport.targets(21,5): message :       ;
       /usr/local/share/dotnet/sdk/10.0.100-rc.1.25451.107/Sdks/Microsoft.NET.Sdk/targets/Microsoft.NET.DesignerSupport.targets(21,5): message :       
       /usr/local/share/dotnet/sdk/10.0.100-rc.1.25451.107/Sdks/Microsoft.NET.Sdk/targets/Microsoft.NET.DesignerSupport.targets(21,5): message :       ;
       /usr/local/share/dotnet/sdk/10.0.100-rc.1.25451.107/Sdks/Microsoft.NET.Sdk/targets/Microsoft.NET.DesignerSupport.targets(21,5): message :       BuildOnlySettings;
       /usr/local/share/dotnet/sdk/10.0.100-rc.1.25451.107/Sdks/Microsoft.NET.Sdk/targets/Microsoft.NET.DesignerSupport.targets(21,5): message :       PrepareForBuild;
       /usr/local/share/dotnet/sdk/10.0.100-rc.1.25451.107/Sdks/Microsoft.NET.Sdk/targets/Microsoft.NET.DesignerSupport.targets(21,5): message :       AssignTargetPaths;
       /usr/local/share/dotnet/sdk/10.0.100-rc.1.25451.107/Sdks/Microsoft.NET.Sdk/targets/Microsoft.NET.DesignerSupport.targets(21,5): message :       ResolveReferences
       /usr/local/share/dotnet/sdk/10.0.100-rc.1.25451.107/Sdks/Microsoft.NET.Sdk/targets/Microsoft.NET.DesignerSupport.targets(21,5): message :     
       /usr/local/share/dotnet/sdk/10.0.100-rc.1.25451.107/Sdks/Microsoft.NET.Sdk/targets/Microsoft.NET.DesignerSupport.targets(21,5): message :     ;
       /usr/local/share/dotnet/sdk/10.0.100-rc.1.25451.107/Sdks/Microsoft.NET.Sdk/targets/Microsoft.NET.DesignerSupport.targets(21,5): message :       _GenerateDesignerDepsFile;
       /usr/local/share/dotnet/sdk/10.0.100-rc.1.25451.107/Sdks/Microsoft.NET.Sdk/targets/Microsoft.NET.DesignerSupport.targets(21,5): message :       _GenerateDesignerRuntimeConfigFile;
       /usr/local/share/dotnet/sdk/10.0.100-rc.1.25451.107/Sdks/Microsoft.NET.Sdk/targets/Microsoft.NET.DesignerSupport.targets(21,5): message :       GetCopyToOutputDirectoryItems;
       /usr/local/share/dotnet/sdk/10.0.100-rc.1.25451.107/Sdks/Microsoft.NET.Sdk/targets/Microsoft.NET.DesignerSupport.targets(21,5): message :       _GatherDesignerShadowCopyFiles;
       /usr/local/share/dotnet/sdk/10.0.100-rc.1.25451.107/Sdks/Microsoft.NET.Sdk/targets/Microsoft.NET.DesignerSupport.targets(21,5): message :     " (previous value: "
       /usr/local/share/dotnet/sdk/10.0.100-rc.1.25451.107/Sdks/Microsoft.NET.Sdk/targets/Microsoft.NET.DesignerSupport.targets(21,5): message :       ;
       /usr/local/share/dotnet/sdk/10.0.100-rc.1.25451.107/Sdks/Microsoft.NET.Sdk/targets/Microsoft.NET.DesignerSupport.targets(21,5): message :       
       /usr/local/share/dotnet/sdk/10.0.100-rc.1.25451.107/Sdks/Microsoft.NET.Sdk/targets/Microsoft.NET.DesignerSupport.targets(21,5): message :       ;
       /usr/local/share/dotnet/sdk/10.0.100-rc.1.25451.107/Sdks/Microsoft.NET.Sdk/targets/Microsoft.NET.DesignerSupport.targets(21,5): message :       BuildOnlySettings;
       /usr/local/share/dotnet/sdk/10.0.100-rc.1.25451.107/Sdks/Microsoft.NET.Sdk/targets/Microsoft.NET.DesignerSupport.targets(21,5): message :       PrepareForBuild;
       /usr/local/share/dotnet/sdk/10.0.100-rc.1.25451.107/Sdks/Microsoft.NET.Sdk/targets/Microsoft.NET.DesignerSupport.targets(21,5): message :       AssignTargetPaths;
       /usr/local/share/dotnet/sdk/10.0.100-rc.1.25451.107/Sdks/Microsoft.NET.Sdk/targets/Microsoft.NET.DesignerSupport.targets(21,5): message :       ResolveReferences
       /usr/local/share/dotnet/sdk/10.0.100-rc.1.25451.107/Sdks/Microsoft.NET.Sdk/targets/Microsoft.NET.DesignerSupport.targets(21,5): message :     
       /usr/local/share/dotnet/sdk/10.0.100-rc.1.25451.107/Sdks/Microsoft.NET.Sdk/targets/Microsoft.NET.DesignerSupport.targets(21,5): message :     ") at /usr/local/share/dotnet/sdk/10.0.100-rc.1.25451.107/Sdks/Microsoft.NET.Sdk/targets/Microsoft.NET.DesignerSupport.targets (21,5)
       /usr/local/share/dotnet/sdk/10.0.100-rc.1.25451.107/Sdks/Microsoft.NET.Sdk/targets/Microsoft.NET.Sdk.CSharp.targets(31,5): message : Property reassignment: $(DefineConstants)="TRACE;DEBUG" (previous value: "TRACE") at /usr/local/share/dotnet/sdk/10.0.100-rc.1.25451.107/Sdks/Microsoft.NET.Sdk/targets/Microsoft.NET.Sdk.CSharp.targets (31,5)
       /usr/local/share/dotnet/sdk/10.0.100-rc.1.25451.107/Sdks/Microsoft.NET.Sdk/targets/Microsoft.NET.Sdk.CSharp.targets(34,5): message : Property reassignment: $(DefineConstants)="TRACE;DEBUG;NET;NET8_0;NETCOREAPP" (previous value: "TRACE;DEBUG") at /usr/local/share/dotnet/sdk/10.0.100-rc.1.25451.107/Sdks/Microsoft.NET.Sdk/targets/Microsoft.NET.Sdk.CSharp.targets (34,5)
       /usr/local/share/dotnet/sdk/10.0.100-rc.1.25451.107/Sdks/Microsoft.NET.Sdk/targets/Microsoft.NET.Sdk.CSharp.targets(48,5): message : Property reassignment: $(WarningsAsErrors)=";NU1605;SYSLIB0011" (previous value: ";NU1605") at /usr/local/share/dotnet/sdk/10.0.100-rc.1.25451.107/Sdks/Microsoft.NET.Sdk/targets/Microsoft.NET.Sdk.CSharp.targets (48,5)
       /usr/local/share/dotnet/sdk/10.0.100-rc.1.25451.107/Sdks/NuGet.Build.Tasks.Pack/build/NuGet.Build.Tasks.Pack.targets(59,5): message : Property reassignment: $(GenerateNuspecDependsOn)="Build;_LoadPackInputItems; _GetTargetFrameworksOutput; _WalkEachTargetPerFramework; _GetPackageFiles; " (previous value: "_LoadPackInputItems; _GetTargetFrameworksOutput; _WalkEachTargetPerFramework; _GetPackageFiles; ") at /usr/local/share/dotnet/sdk/10.0.100-rc.1.25451.107/Sdks/NuGet.Build.Tasks.Pack/build/NuGet.Build.Tasks.Pack.targets (59,5)
       /usr/local/share/dotnet/sdk/10.0.100-rc.1.25451.107/Sdks/Microsoft.NET.Sdk/Sdk/Sdk.targets(60,5): message : Property reassignment: $(_IsNotSetContainersTargetsDir)="true" (previous value: "false") at /usr/local/share/dotnet/sdk/10.0.100-rc.1.25451.107/Sdks/Microsoft.NET.Sdk/Sdk/Sdk.targets (60,5)
       /usr/local/share/dotnet/sdk/10.0.100-rc.1.25451.107/Containers/build/Microsoft.NET.Build.Containers.targets(5,5): message : Property reassignment: $(_IsSDKContainerAllowedVersion)="true" (previous value: "false") at /usr/local/share/dotnet/sdk/10.0.100-rc.1.25451.107/Containers/build/Microsoft.NET.Build.Containers.targets (5,5)
       /usr/local/share/dotnet/sdk/10.0.100-rc.1.25451.107/Containers/build/Microsoft.NET.Build.Containers.targets(15,5): message : Property reassignment: $(_ContainerIsTargetingNet8TFM)="true" (previous value: "false") at /usr/local/share/dotnet/sdk/10.0.100-rc.1.25451.107/Containers/build/Microsoft.NET.Build.Containers.targets (15,5)
       Overriding target "ResolveFrameworkReferences" in project "/usr/local/share/dotnet/sdk/10.0.100-rc.1.25451.107/Microsoft.Common.CurrentVersion.targets" with target "ResolveFrameworkReferences" from project "/usr/local/share/dotnet/sdk/10.0.100-rc.1.25451.107/Sdks/Microsoft.NET.Sdk/targets/Microsoft.NET.Sdk.FrameworkReferenceResolution.targets".
       Overriding target "GenerateSupportedTargetFrameworkAlias" in project "/usr/local/share/dotnet/sdk/10.0.100-rc.1.25451.107/Microsoft.Common.CurrentVersion.targets" with target "GenerateSupportedTargetFrameworkAlias" from project "/usr/local/share/dotnet/sdk/10.0.100-rc.1.25451.107/Sdks/Microsoft.NET.Sdk/targets/Microsoft.NET.Sdk.targets".
       Overriding target "GetReferenceAssemblyPaths" in project "/usr/local/share/dotnet/sdk/10.0.100-rc.1.25451.107/Microsoft.Common.CurrentVersion.targets" with target "GetReferenceAssemblyPaths" from project "/usr/local/share/dotnet/sdk/10.0.100-rc.1.25451.107/Sdks/Microsoft.NET.Sdk/targets/Microsoft.NET.DisableStandardFrameworkResolution.targets".
       Overriding target "GetFrameworkPaths" in project "/usr/local/share/dotnet/sdk/10.0.100-rc.1.25451.107/Microsoft.Common.CurrentVersion.targets" with target "GetFrameworkPaths" from project "/usr/local/share/dotnet/sdk/10.0.100-rc.1.25451.107/Sdks/Microsoft.NET.Sdk/targets/Microsoft.NET.DisableStandardFrameworkResolution.targets".
       Overriding target "DesignerRuntimeImplementationProjectOutputGroup" in project "/usr/local/share/dotnet/sdk/10.0.100-rc.1.25451.107/Microsoft.Common.CurrentVersion.targets" with target "DesignerRuntimeImplementationProjectOutputGroup" from project "/usr/local/share/dotnet/sdk/10.0.100-rc.1.25451.107/Sdks/Microsoft.NET.Sdk/targets/Microsoft.NET.DesignerSupport.targets".
       Overriding target "Publish" in project "/usr/local/share/dotnet/sdk/10.0.100-rc.1.25451.107/Microsoft.Common.CurrentVersion.targets" with target "Publish" from project "/usr/local/share/dotnet/sdk/10.0.100-rc.1.25451.107/Sdks/Microsoft.NET.Sdk/targets/Microsoft.NET.Publish.targets".
       Overriding target "ResolveReadyToRunCompilers" in project "/usr/local/share/dotnet/sdk/10.0.100-rc.1.25451.107/Sdks/Microsoft.NET.Sdk/targets/Microsoft.NET.CrossGen.targets" with target "ResolveReadyToRunCompilers" from project "/usr/local/share/dotnet/sdk/10.0.100-rc.1.25451.107/Sdks/Microsoft.NET.Sdk/targets/Microsoft.NET.Publish.targets".
       Overriding target "GetCopyToPublishDirectoryItems" in project "/usr/local/share/dotnet/sdk/10.0.100-rc.1.25451.107/Microsoft.Common.CurrentVersion.targets" with target "GetCopyToPublishDirectoryItems" from project "/usr/local/share/dotnet/sdk/10.0.100-rc.1.25451.107/Sdks/Microsoft.NET.Sdk/targets/Microsoft.NET.Publish.targets".
       Overriding target "Run" in project "/usr/local/share/dotnet/sdk/10.0.100-rc.1.25451.107/Microsoft.Common.CurrentVersion.targets" with target "Run" from project "/usr/local/share/dotnet/sdk/10.0.100-rc.1.25451.107/Sdks/Microsoft.NET.Sdk/targets/Microsoft.NET.Sdk.targets".
     1>Project "/Users/amir/Documents/dev/kalshi-signals/backend/KalshiSignals.sln" (1) is building "/Users/amir/Documents/dev/kalshi-signals/backend/Kalshi.Api/Kalshi.Api.csproj" (2) on node 1 (_IsProjectRestoreSupported target(s)).
     2>Target "_IsProjectRestoreSupported" in file "/usr/local/share/dotnet/sdk/10.0.100-rc.1.25451.107/NuGet.targets" from project "/Users/amir/Documents/dev/kalshi-signals/backend/Kalshi.Api/Kalshi.Api.csproj" (entry point):
     2>Done building target "_IsProjectRestoreSupported" in project "Kalshi.Api.csproj".
     2>Done Building Project "/Users/amir/Documents/dev/kalshi-signals/backend/Kalshi.Api/Kalshi.Api.csproj" (_IsProjectRestoreSupported target(s)).
