dotnet watch 🔥 Hot reload enabled. For a list of supported edits, see https://aka.ms/dotnet/hot-reload.
dotnet watch ⌚ Building /Users/amir/Documents/dev/kalshi-signals/backend/KSignal.API/KSignal.API.csproj ...
dotnet watch 🔨 Build succeeded: /Users/amir/Documents/dev/kalshi-signals/backend/KSignal.API/KSignal.API.csproj
Using launch settings from /Users/amir/Documents/dev/kalshi-signals/backend/KSignal.API/Properties/launchSettings.json...
info: Microsoft.Hosting.Lifetime[14]
      Now listening on: http://localhost:5271
info: Microsoft.Hosting.Lifetime[0]
      Application started. Press Ctrl+C to shut down.
info: Microsoft.Hosting.Lifetime[0]
      Hosting environment: Development
info: Microsoft.Hosting.Lifetime[0]
      Content root path: /Users/amir/Documents/dev/kalshi-signals/backend/KSignal.API
dotnet watch ⚠ msbuild: [Warning] Found project reference without a matching metadata reference: /Users/amir/Documents/dev/kalshi-signals/shared/KSignals.DTO/KSignals.DTO.csproj
warn: KSignal.API.Services.RedisCacheService[0]
      Redis connection string is not configured. Cache will be disabled.
info: Microsoft.EntityFrameworkCore.Database.Command[20101]
      Executed DbCommand (1,646ms) [Parameters=[@__nowUtc_0='?' (DbType = DateTime), @__status_1='?' (Size = 64), @__maxCloseTime_Value_2='?' (DbType = DateTime)], CommandType='Text', CommandTimeout='30']
      SELECT COUNT(*)
      FROM `Markets` AS `m`
      WHERE ((`m`.`CloseTime` > @__nowUtc_0) AND (`m`.`Status` = @__status_1)) AND (`m`.`CloseTime` <= @__maxCloseTime_Value_2)
info: Microsoft.EntityFrameworkCore.Database.Command[20101]
      Executed DbCommand (1,764ms) [Parameters=[@__nowUtc_0='?' (DbType = DateTime), @__status_1='?' (Size = 64), @__maxCloseTime_Value_2='?' (DbType = DateTime), @__p_4='?' (DbType = Int32), @__p_3='?' (DbType = Int32)], CommandType='Text', CommandTimeout='30']
      SELECT `m`.`TickerId`, `m`.`SeriesTicker`, `m`.`Title`, `m`.`Subtitle`, `m`.`Volume`, `m`.`Volume24h`, `m`.`CreatedTime`, `m`.`ExpirationTime`, `m`.`CloseTime`, `m`.`LatestExpirationTime`, `m`.`OpenTime`, `m`.`Status`, `m`.`YesBid`, `m`.`YesBidDollars`, `m`.`YesAsk`, `m`.`YesAskDollars`, `m`.`NoBid`, `m`.`NoBidDollars`, `m`.`NoAsk`, `m`.`NoAskDollars`, `m`.`LastPrice`, `m`.`LastPriceDollars`, `m`.`PreviousYesBid`, `m`.`PreviousYesBidDollars`, `m`.`PreviousYesAsk`, `m`.`PreviousYesAskDollars`, `m`.`PreviousPrice`, `m`.`PreviousPriceDollars`, `m`.`Liquidity`, `m`.`LiquidityDollars`, `m`.`SettlementValue`, `m`.`SettlementValueDollars`, `m`.`NotionalValue`, `m`.`NotionalValueDollars`, NULL AS `JsonResponse`, `m`.`LastUpdate`
      FROM `Markets` AS `m`
      WHERE ((`m`.`CloseTime` > @__nowUtc_0) AND (`m`.`Status` = @__status_1)) AND (`m`.`CloseTime` <= @__maxCloseTime_Value_2)
      ORDER BY `m`.`Volume24h` DESC
      LIMIT @__p_4 OFFSET @__p_3
info: KSignal.API.Controllers.EventsController[0]
      Fetching tags by categories from Kalshi API
info: KSignal.API.Controllers.EventsController[0]
      Successfully retrieved tags by categories
libc++abi: terminating due to uncaught exception of type PAL_SEHException
