dotnet watch 🔥 Hot reload enabled. For a list of supported edits, see https://aka.ms/dotnet/hot-reload.
dotnet watch ⌚ Building /Users/amir/Documents/dev/kalshi-signals/web/web_asp.csproj ...
dotnet watch 🔨 Build succeeded: /Users/amir/Documents/dev/kalshi-signals/web/web_asp.csproj
Using launch settings from /Users/amir/Documents/dev/kalshi-signals/web/Properties/launchSettings.json...
info: Microsoft.Hosting.Lifetime[14]
      Now listening on: http://localhost:3011
info: Microsoft.Hosting.Lifetime[0]
      Application started. Press Ctrl+C to shut down.
info: Microsoft.Hosting.Lifetime[0]
      Hosting environment: Development
info: Microsoft.Hosting.Lifetime[0]
      Content root path: /Users/amir/Documents/dev/kalshi-signals/web
warn: Microsoft.AspNetCore.HttpsPolicy.HttpsRedirectionMiddleware[3]
      Failed to determine the https port for redirect.
info: System.Net.Http.HttpClient.BackendClient.LogicalHandler[100]
      Start processing HTTP request GET http://localhost:5271/api/markets?*
info: System.Net.Http.HttpClient.BackendClient.ClientHandler[100]
      Sending HTTP request GET http://localhost:5271/api/markets?*
dotnet watch ⚠ msbuild: [Warning] Found project reference without a matching metadata reference: /Users/amir/Documents/dev/kalshi-signals/shared/KSignals.DTO/KSignals.DTO.csproj
info: System.Net.Http.HttpClient.BackendClient.ClientHandler[101]
      Received HTTP response headers after 5160.0581ms - 200
info: System.Net.Http.HttpClient.BackendClient.LogicalHandler[101]
      End processing HTTP request after 5168.9059ms - 200
info: System.Net.Http.HttpClient.BackendClient.LogicalHandler[100]
      Start processing HTTP request GET http://localhost:5271/api/events/categories
info: System.Net.Http.HttpClient.BackendClient.ClientHandler[100]
      Sending HTTP request GET http://localhost:5271/api/events/categories
info: System.Net.Http.HttpClient.BackendClient.ClientHandler[101]
      Received HTTP response headers after 370.3527ms - 200
info: System.Net.Http.HttpClient.BackendClient.LogicalHandler[101]
      End processing HTTP request after 370.4517ms - 200
info: System.Net.Http.HttpClient.BackendClient.LogicalHandler[100]
      Start processing HTTP request GET http://localhost:5271/api/markets?*
info: System.Net.Http.HttpClient.BackendClient.ClientHandler[100]
      Sending HTTP request GET http://localhost:5271/api/markets?*
info: System.Net.Http.HttpClient.BackendClient.ClientHandler[101]
      Received HTTP response headers after 4489.0657ms - 200
info: System.Net.Http.HttpClient.BackendClient.LogicalHandler[101]
      End processing HTTP request after 4489.2247ms - 200
info: System.Net.Http.HttpClient.BackendClient.LogicalHandler[100]
      Start processing HTTP request GET http://localhost:5271/api/events/categories
info: System.Net.Http.HttpClient.BackendClient.ClientHandler[100]
      Sending HTTP request GET http://localhost:5271/api/events/categories
info: System.Net.Http.HttpClient.BackendClient.ClientHandler[101]
      Received HTTP response headers after 200.797ms - 200
info: System.Net.Http.HttpClient.BackendClient.LogicalHandler[101]
      End processing HTTP request after 200.9389ms - 200
info: System.Net.Http.HttpClient.BackendClient.LogicalHandler[100]
      Start processing HTTP request GET http://localhost:5271/api/markets?*
info: System.Net.Http.HttpClient.BackendClient.ClientHandler[100]
      Sending HTTP request GET http://localhost:5271/api/markets?*
info: System.Net.Http.HttpClient.BackendClient.ClientHandler[101]
      Received HTTP response headers after 4308.6988ms - 200
info: System.Net.Http.HttpClient.BackendClient.LogicalHandler[101]
      End processing HTTP request after 4308.8034ms - 200
info: System.Net.Http.HttpClient.BackendClient.LogicalHandler[100]
      Start processing HTTP request GET http://localhost:5271/api/events/categories
info: System.Net.Http.HttpClient.BackendClient.ClientHandler[100]
      Sending HTTP request GET http://localhost:5271/api/events/categories
info: System.Net.Http.HttpClient.BackendClient.ClientHandler[101]
      Received HTTP response headers after 393.374ms - 200
info: System.Net.Http.HttpClient.BackendClient.LogicalHandler[101]
      End processing HTTP request after 393.4484ms - 200
